

Started GET "/" for 127.0.0.1 at 2016-05-17 10:41:28 +0200

Mysql2::Error (Access denied for user 'root'@'localhost' (using password: NO)):
  mysql2 (0.4.4) lib/mysql2/client.rb:87:in `connect'
  mysql2 (0.4.4) lib/mysql2/client.rb:87:in `initialize'
  activerecord (4.2.6) lib/active_record/connection_adapters/mysql2_adapter.rb:18:in `new'
  activerecord (4.2.6) lib/active_record/connection_adapters/mysql2_adapter.rb:18:in `mysql2_connection'
  activerecord (4.2.6) lib/active_record/connection_adapters/abstract/connection_pool.rb:438:in `new_connection'
  activerecord (4.2.6) lib/active_record/connection_adapters/abstract/connection_pool.rb:448:in `checkout_new_connection'
  activerecord (4.2.6) lib/active_record/connection_adapters/abstract/connection_pool.rb:422:in `acquire_connection'
  activerecord (4.2.6) lib/active_record/connection_adapters/abstract/connection_pool.rb:349:in `block in checkout'
  /home/todary/.rvm/rubies/ruby-2.3.0/lib/ruby/2.3.0/monitor.rb:214:in `mon_synchronize'
  activerecord (4.2.6) lib/active_record/connection_adapters/abstract/connection_pool.rb:348:in `checkout'
  activerecord (4.2.6) lib/active_record/connection_adapters/abstract/connection_pool.rb:263:in `block in connection'
  /home/todary/.rvm/rubies/ruby-2.3.0/lib/ruby/2.3.0/monitor.rb:214:in `mon_synchronize'
  activerecord (4.2.6) lib/active_record/connection_adapters/abstract/connection_pool.rb:262:in `connection'
  activerecord (4.2.6) lib/active_record/connection_adapters/abstract/connection_pool.rb:571:in `retrieve_connection'
  activerecord (4.2.6) lib/active_record/connection_handling.rb:113:in `retrieve_connection'
  activerecord (4.2.6) lib/active_record/connection_handling.rb:87:in `connection'
  activerecord (4.2.6) lib/active_record/migration.rb:383:in `connection'
  activerecord (4.2.6) lib/active_record/migration.rb:370:in `call'
  actionpack (4.2.6) lib/action_dispatch/middleware/callbacks.rb:29:in `block in call'
  activesupport (4.2.6) lib/active_support/callbacks.rb:88:in `__run_callbacks__'
  activesupport (4.2.6) lib/active_support/callbacks.rb:778:in `_run_call_callbacks'
  activesupport (4.2.6) lib/active_support/callbacks.rb:81:in `run_callbacks'
  actionpack (4.2.6) lib/action_dispatch/middleware/callbacks.rb:27:in `call'
  actionpack (4.2.6) lib/action_dispatch/middleware/reloader.rb:73:in `call'
  actionpack (4.2.6) lib/action_dispatch/middleware/remote_ip.rb:78:in `call'
  actionpack (4.2.6) lib/action_dispatch/middleware/debug_exceptions.rb:17:in `call'
  web-console (2.3.0) lib/web_console/middleware.rb:28:in `block in call'
  web-console (2.3.0) lib/web_console/middleware.rb:18:in `catch'
  web-console (2.3.0) lib/web_console/middleware.rb:18:in `call'
  actionpack (4.2.6) lib/action_dispatch/middleware/show_exceptions.rb:30:in `call'
  railties (4.2.6) lib/rails/rack/logger.rb:38:in `call_app'
  railties (4.2.6) lib/rails/rack/logger.rb:20:in `block in call'
  activesupport (4.2.6) lib/active_support/tagged_logging.rb:68:in `block in tagged'
  activesupport (4.2.6) lib/active_support/tagged_logging.rb:26:in `tagged'
  activesupport (4.2.6) lib/active_support/tagged_logging.rb:68:in `tagged'
  railties (4.2.6) lib/rails/rack/logger.rb:20:in `call'
  actionpack (4.2.6) lib/action_dispatch/middleware/request_id.rb:21:in `call'
  rack (1.6.4) lib/rack/methodoverride.rb:22:in `call'
  rack (1.6.4) lib/rack/runtime.rb:18:in `call'
  activesupport (4.2.6) lib/active_support/cache/strategy/local_cache_middleware.rb:28:in `call'
  rack (1.6.4) lib/rack/lock.rb:17:in `call'
  actionpack (4.2.6) lib/action_dispatch/middleware/static.rb:120:in `call'
  rack (1.6.4) lib/rack/sendfile.rb:113:in `call'
  railties (4.2.6) lib/rails/engine.rb:518:in `call'
  railties (4.2.6) lib/rails/application.rb:165:in `call'
  rack (1.6.4) lib/rack/lock.rb:17:in `call'
  rack (1.6.4) lib/rack/content_length.rb:15:in `call'
  rack (1.6.4) lib/rack/handler/webrick.rb:88:in `service'
  /home/todary/.rvm/rubies/ruby-2.3.0/lib/ruby/2.3.0/webrick/httpserver.rb:140:in `service'
  /home/todary/.rvm/rubies/ruby-2.3.0/lib/ruby/2.3.0/webrick/httpserver.rb:96:in `run'
  /home/todary/.rvm/rubies/ruby-2.3.0/lib/ruby/2.3.0/webrick/server.rb:296:in `block in start_thread'


  Rendered /home/todary/.rvm/gems/ruby-2.3.0@rails4/gems/actionpack-4.2.6/lib/action_dispatch/middleware/templates/rescues/_source.erb (3.3ms)
  Rendered /home/todary/.rvm/gems/ruby-2.3.0@rails4/gems/actionpack-4.2.6/lib/action_dispatch/middleware/templates/rescues/_trace.html.erb (1.9ms)
  Rendered /home/todary/.rvm/gems/ruby-2.3.0@rails4/gems/actionpack-4.2.6/lib/action_dispatch/middleware/templates/rescues/_request_and_response.html.erb (0.9ms)
  Rendered /home/todary/.rvm/gems/ruby-2.3.0@rails4/gems/actionpack-4.2.6/lib/action_dispatch/middleware/templates/rescues/diagnostics.html.erb within rescues/layout (29.4ms)
  Rendered /home/todary/.rvm/gems/ruby-2.3.0@rails4/gems/web-console-2.3.0/lib/web_console/templates/_markup.html.erb (0.3ms)
  Rendered /home/todary/.rvm/gems/ruby-2.3.0@rails4/gems/web-console-2.3.0/lib/web_console/templates/_inner_console_markup.html.erb within layouts/inlined_string (0.3ms)
  Rendered /home/todary/.rvm/gems/ruby-2.3.0@rails4/gems/web-console-2.3.0/lib/web_console/templates/_prompt_box_markup.html.erb within layouts/inlined_string (0.3ms)
  Rendered /home/todary/.rvm/gems/ruby-2.3.0@rails4/gems/web-console-2.3.0/lib/web_console/templates/style.css.erb within layouts/inlined_string (0.3ms)
  Rendered /home/todary/.rvm/gems/ruby-2.3.0@rails4/gems/web-console-2.3.0/lib/web_console/templates/console.js.erb within layouts/javascript (37.0ms)
  Rendered /home/todary/.rvm/gems/ruby-2.3.0@rails4/gems/web-console-2.3.0/lib/web_console/templates/main.js.erb within layouts/javascript (0.2ms)
  Rendered /home/todary/.rvm/gems/ruby-2.3.0@rails4/gems/web-console-2.3.0/lib/web_console/templates/error_page.js.erb within layouts/javascript (0.3ms)
  Rendered /home/todary/.rvm/gems/ruby-2.3.0@rails4/gems/web-console-2.3.0/lib/web_console/templates/index.html.erb (57.1ms)
  [1m[36m (540.0ms)[0m  [1mCREATE TABLE `schema_migrations` (`version` varchar(255) NOT NULL) ENGINE=InnoDB[0m
  [1m[35m (917.8ms)[0m  CREATE UNIQUE INDEX `unique_schema_migrations`  ON `schema_migrations` (`version`) 
  [1m[36mActiveRecord::SchemaMigration Load (0.3ms)[0m  [1mSELECT `schema_migrations`.* FROM `schema_migrations`[0m
Migrating to CreateUsers (20160517085112)
  [1m[35m (406.7ms)[0m  CREATE TABLE `users` (`id` int(11) auto_increment PRIMARY KEY, `name` varchar(255), `email` varchar(255), `password` varchar(255), `image` varchar(255), `created_at` datetime NOT NULL, `updated_at` datetime NOT NULL) ENGINE=InnoDB
  [1m[36m (290.5ms)[0m  [1mCREATE UNIQUE INDEX `index_users_on_email`  ON `users` (`email`) [0m
  [1m[35m (0.2ms)[0m  BEGIN
  [1m[36mSQL (15.5ms)[0m  [1mINSERT INTO `schema_migrations` (`version`) VALUES ('20160517085112')[0m
  [1m[35m (49.1ms)[0m  COMMIT
Migrating to AddDeviseToUsers (20160517085311)
  [1m[36m (0.6ms)[0m  [1mALTER TABLE `users` ADD `email` varchar(255) DEFAULT '' NOT NULL[0m
  [1m[36mActiveRecord::SchemaMigration Load (0.2ms)[0m  [1mSELECT `schema_migrations`.* FROM `schema_migrations`[0m
Migrating to AddDeviseToUsers (20160517085311)
  [1m[35m (1282.6ms)[0m  ALTER TABLE `users` ADD `encrypted_password` varchar(255) DEFAULT '' NOT NULL
  [1m[36m (840.6ms)[0m  [1mALTER TABLE `users` ADD `reset_password_token` varchar(255)[0m
  [1m[35m (716.9ms)[0m  ALTER TABLE `users` ADD `reset_password_sent_at` datetime
  [1m[36m (685.2ms)[0m  [1mALTER TABLE `users` ADD `remember_created_at` datetime[0m
  [1m[35m (705.5ms)[0m  ALTER TABLE `users` ADD `sign_in_count` int(11) DEFAULT 0 NOT NULL
  [1m[36m (629.3ms)[0m  [1mALTER TABLE `users` ADD `current_sign_in_at` datetime[0m
  [1m[35m (650.1ms)[0m  ALTER TABLE `users` ADD `last_sign_in_at` datetime
  [1m[36m (918.2ms)[0m  [1mALTER TABLE `users` ADD `current_sign_in_ip` varchar(255)[0m
  [1m[35m (827.8ms)[0m  ALTER TABLE `users` ADD `last_sign_in_ip` varchar(255)
  [1m[36m (336.6ms)[0m  [1mCREATE UNIQUE INDEX `index_users_on_reset_password_token`  ON `users` (`reset_password_token`) [0m
  [1m[35m (0.2ms)[0m  BEGIN
  [1m[36mSQL (0.2ms)[0m  [1mINSERT INTO `schema_migrations` (`version`) VALUES ('20160517085311')[0m
  [1m[35m (74.6ms)[0m  COMMIT
  [1m[36mActiveRecord::SchemaMigration Load (0.2ms)[0m  [1mSELECT `schema_migrations`.* FROM `schema_migrations`[0m
  [1m[35m (0.3ms)[0m  SELECT fk.referenced_table_name as 'to_table'
      ,fk.referenced_column_name as 'primary_key'
      ,fk.column_name as 'column'
      ,fk.constraint_name as 'name'
FROM information_schema.key_column_usage fk
WHERE fk.referenced_column_name is not null
  AND fk.table_schema = 'yalanotlob_development'
  AND fk.table_name = 'users'

  [1m[36m (0.2ms)[0m  [1mSHOW CREATE TABLE `users`[0m


Started GET "/" for 127.0.0.1 at 2016-05-17 10:58:17 +0200
  [1m[36mActiveRecord::SchemaMigration Load (0.3ms)[0m  [1mSELECT `schema_migrations`.* FROM `schema_migrations`[0m
Processing by Rails::WelcomeController#index as HTML
  Rendered /home/todary/.rvm/gems/ruby-2.3.0@rails4/gems/railties-4.2.6/lib/rails/templates/rails/welcome/index.html.erb (1.5ms)
Completed 200 OK in 68ms (Views: 45.3ms | ActiveRecord: 0.0ms)


Started GET "/users" for 127.0.0.1 at 2016-05-17 10:58:26 +0200
Processing by UsersController#index as HTML
  [1m[35mUser Load (0.3ms)[0m  SELECT `users`.* FROM `users`
  Rendered users/index.html.erb within layouts/application (3.2ms)
Completed 200 OK in 1366ms (Views: 1364.0ms | ActiveRecord: 0.9ms)


Started GET "/assets/scaffolds.self-81ffa5110775a7b3bb5675c27837805c850deda6f306b6baaa1fef02ae9cf1c5.css?body=1" for 127.0.0.1 at 2016-05-17 10:58:28 +0200
  [1m[36mActiveRecord::SchemaMigration Load (0.3ms)[0m  [1mSELECT `schema_migrations`.* FROM `schema_migrations`[0m
Migrating to CreateFriends (20160517101707)
  [1m[35m (379.8ms)[0m  CREATE TABLE `friends` (`id` int(11) auto_increment PRIMARY KEY, `friend_id` int(11), `user_id` int(11), `created_at` datetime NOT NULL, `updated_at` datetime NOT NULL,  INDEX `index_friends_on_user_id`  (`user_id`) ) ENGINE=InnoDB
  [1m[36m (928.0ms)[0m  [1mALTER TABLE `friends` ADD CONSTRAINT `fk_rails_9cfeeb4593`
FOREIGN KEY (`user_id`)
  REFERENCES `users` (`id`)
[0m
  [1m[35m (0.2ms)[0m  BEGIN
  [1m[36mSQL (0.2ms)[0m  [1mINSERT INTO `schema_migrations` (`version`) VALUES ('20160517101707')[0m
  [1m[35m (40.9ms)[0m  COMMIT
Migrating to CreateGroups (20160517101720)
  [1m[36m (335.6ms)[0m  [1mCREATE TABLE `groups` (`id` int(11) auto_increment PRIMARY KEY, `name` varchar(255), `user_id` int(11), `created_at` datetime NOT NULL, `updated_at` datetime NOT NULL,  INDEX `index_groups_on_user_id`  (`user_id`) ) ENGINE=InnoDB[0m
  [1m[35m (950.3ms)[0m  ALTER TABLE `groups` ADD CONSTRAINT `fk_rails_5e78cd340a`
FOREIGN KEY (`user_id`)
  REFERENCES `users` (`id`)

  [1m[36m (290.1ms)[0m  [1mCREATE UNIQUE INDEX `index_groups_on_name`  ON `groups` (`name`) [0m
  [1m[35m (0.2ms)[0m  BEGIN
  [1m[36mSQL (0.3ms)[0m  [1mINSERT INTO `schema_migrations` (`version`) VALUES ('20160517101720')[0m
  [1m[35m (89.5ms)[0m  COMMIT
Migrating to CreateGroupMembers (20160517101728)
  [1m[36m (467.3ms)[0m  [1mCREATE TABLE `group_members` (`id` int(11) auto_increment PRIMARY KEY, `group_id` int(11), `user_id` int(11), `created_at` datetime NOT NULL, `updated_at` datetime NOT NULL,  INDEX `index_group_members_on_group_id`  (`group_id`) ,  INDEX `index_group_members_on_user_id`  (`user_id`) ) ENGINE=InnoDB[0m
  [1m[35m (1084.2ms)[0m  ALTER TABLE `group_members` ADD CONSTRAINT `fk_rails_e9fdb70ec5`
FOREIGN KEY (`group_id`)
  REFERENCES `groups` (`id`)

  [1m[36m (1330.4ms)[0m  [1mALTER TABLE `group_members` ADD CONSTRAINT `fk_rails_bb66f6bca8`
FOREIGN KEY (`user_id`)
  REFERENCES `users` (`id`)
[0m
  [1m[35m (0.2ms)[0m  BEGIN
  [1m[36mSQL (0.2ms)[0m  [1mINSERT INTO `schema_migrations` (`version`) VALUES ('20160517101728')[0m
  [1m[35m (65.3ms)[0m  COMMIT
Migrating to CreateOrders (20160517101737)
  [1m[36m (411.7ms)[0m  [1mCREATE TABLE `orders` (`id` int(11) auto_increment PRIMARY KEY, `name` varchar(255), `resturant` varchar(255), `status` tinyint(1), `user_id` int(11), `image` varchar(255), `created_at` datetime NOT NULL, `updated_at` datetime NOT NULL,  INDEX `index_orders_on_user_id`  (`user_id`) ) ENGINE=InnoDB[0m
  [1m[35m (974.3ms)[0m  ALTER TABLE `orders` ADD CONSTRAINT `fk_rails_f868b47f6a`
FOREIGN KEY (`user_id`)
  REFERENCES `users` (`id`)

  [1m[36m (0.2ms)[0m  [1mBEGIN[0m
  [1m[35mSQL (0.2ms)[0m  INSERT INTO `schema_migrations` (`version`) VALUES ('20160517101737')
  [1m[36m (43.1ms)[0m  [1mCOMMIT[0m
Migrating to CreateOrderMembers (20160517101747)
  [1m[35m (433.8ms)[0m  CREATE TABLE `order_members` (`id` int(11) auto_increment PRIMARY KEY, `order_id` int(11), `user_id` int(11), `status_user` tinyint(1), `created_at` datetime NOT NULL, `updated_at` datetime NOT NULL,  INDEX `index_order_members_on_order_id`  (`order_id`) ,  INDEX `index_order_members_on_user_id`  (`user_id`) ) ENGINE=InnoDB
  [1m[36m (1252.7ms)[0m  [1mALTER TABLE `order_members` ADD CONSTRAINT `fk_rails_1a84658b86`
FOREIGN KEY (`order_id`)
  REFERENCES `orders` (`id`)
[0m
  [1m[35m (919.6ms)[0m  ALTER TABLE `order_members` ADD CONSTRAINT `fk_rails_033a0eee6d`
FOREIGN KEY (`user_id`)
  REFERENCES `users` (`id`)

  [1m[36m (0.2ms)[0m  [1mBEGIN[0m
  [1m[35mSQL (0.2ms)[0m  INSERT INTO `schema_migrations` (`version`) VALUES ('20160517101747')
  [1m[36m (54.3ms)[0m  [1mCOMMIT[0m
Migrating to CreateOrderDetails (20160517101756)
  [1m[35m (544.8ms)[0m  CREATE TABLE `order_details` (`id` int(11) auto_increment PRIMARY KEY, `item` varchar(255), `amount` int(11), `price` float, `comment` text, `order_id` int(11), `user_id` int(11), `created_at` datetime NOT NULL, `updated_at` datetime NOT NULL,  INDEX `index_order_details_on_order_id`  (`order_id`) ,  INDEX `index_order_details_on_user_id`  (`user_id`) ) ENGINE=InnoDB
  [1m[36m (963.9ms)[0m  [1mALTER TABLE `order_details` ADD CONSTRAINT `fk_rails_e5976611fd`
FOREIGN KEY (`order_id`)
  REFERENCES `orders` (`id`)
[0m
  [1m[35m (1551.2ms)[0m  ALTER TABLE `order_details` ADD CONSTRAINT `fk_rails_67f58df321`
FOREIGN KEY (`user_id`)
  REFERENCES `users` (`id`)

  [1m[36m (0.2ms)[0m  [1mBEGIN[0m
  [1m[35mSQL (0.2ms)[0m  INSERT INTO `schema_migrations` (`version`) VALUES ('20160517101756')
  [1m[36m (43.0ms)[0m  [1mCOMMIT[0m
Migrating to CreateNotifications (20160517101803)
  [1m[35m (568.9ms)[0m  CREATE TABLE `notifications` (`id` int(11) auto_increment PRIMARY KEY, `user_id` int(11), `content` text, `status` tinyint(1), `created_at` datetime NOT NULL, `updated_at` datetime NOT NULL,  INDEX `index_notifications_on_user_id`  (`user_id`) ) ENGINE=InnoDB
  [1m[36m (939.1ms)[0m  [1mALTER TABLE `notifications` ADD CONSTRAINT `fk_rails_b080fb4855`
FOREIGN KEY (`user_id`)
  REFERENCES `users` (`id`)
[0m
  [1m[35m (0.2ms)[0m  BEGIN
  [1m[36mSQL (0.2ms)[0m  [1mINSERT INTO `schema_migrations` (`version`) VALUES ('20160517101803')[0m
  [1m[35m (43.0ms)[0m  COMMIT
  [1m[36mActiveRecord::SchemaMigration Load (0.2ms)[0m  [1mSELECT `schema_migrations`.* FROM `schema_migrations`[0m
  [1m[35m (0.3ms)[0m  SELECT fk.referenced_table_name as 'to_table'
      ,fk.referenced_column_name as 'primary_key'
      ,fk.column_name as 'column'
      ,fk.constraint_name as 'name'
FROM information_schema.key_column_usage fk
WHERE fk.referenced_column_name is not null
  AND fk.table_schema = 'yalanotlob_development'
  AND fk.table_name = 'friends'

  [1m[36m (0.2ms)[0m  [1mSHOW CREATE TABLE `friends`[0m
  [1m[35m (0.3ms)[0m  SELECT fk.referenced_table_name as 'to_table'
      ,fk.referenced_column_name as 'primary_key'
      ,fk.column_name as 'column'
      ,fk.constraint_name as 'name'
FROM information_schema.key_column_usage fk
WHERE fk.referenced_column_name is not null
  AND fk.table_schema = 'yalanotlob_development'
  AND fk.table_name = 'group_members'

  [1m[36m (0.2ms)[0m  [1mSHOW CREATE TABLE `group_members`[0m
  [1m[35m (0.3ms)[0m  SELECT fk.referenced_table_name as 'to_table'
      ,fk.referenced_column_name as 'primary_key'
      ,fk.column_name as 'column'
      ,fk.constraint_name as 'name'
FROM information_schema.key_column_usage fk
WHERE fk.referenced_column_name is not null
  AND fk.table_schema = 'yalanotlob_development'
  AND fk.table_name = 'groups'

  [1m[36m (0.2ms)[0m  [1mSHOW CREATE TABLE `groups`[0m
  [1m[35m (0.3ms)[0m  SELECT fk.referenced_table_name as 'to_table'
      ,fk.referenced_column_name as 'primary_key'
      ,fk.column_name as 'column'
      ,fk.constraint_name as 'name'
FROM information_schema.key_column_usage fk
WHERE fk.referenced_column_name is not null
  AND fk.table_schema = 'yalanotlob_development'
  AND fk.table_name = 'notifications'

  [1m[36m (0.2ms)[0m  [1mSHOW CREATE TABLE `notifications`[0m
  [1m[35m (0.2ms)[0m  SELECT fk.referenced_table_name as 'to_table'
      ,fk.referenced_column_name as 'primary_key'
      ,fk.column_name as 'column'
      ,fk.constraint_name as 'name'
FROM information_schema.key_column_usage fk
WHERE fk.referenced_column_name is not null
  AND fk.table_schema = 'yalanotlob_development'
  AND fk.table_name = 'order_details'

  [1m[36m (0.2ms)[0m  [1mSHOW CREATE TABLE `order_details`[0m
  [1m[35m (0.2ms)[0m  SELECT fk.referenced_table_name as 'to_table'
      ,fk.referenced_column_name as 'primary_key'
      ,fk.column_name as 'column'
      ,fk.constraint_name as 'name'
FROM information_schema.key_column_usage fk
WHERE fk.referenced_column_name is not null
  AND fk.table_schema = 'yalanotlob_development'
  AND fk.table_name = 'order_members'

  [1m[36m (0.2ms)[0m  [1mSHOW CREATE TABLE `order_members`[0m
  [1m[35m (0.2ms)[0m  SELECT fk.referenced_table_name as 'to_table'
      ,fk.referenced_column_name as 'primary_key'
      ,fk.column_name as 'column'
      ,fk.constraint_name as 'name'
FROM information_schema.key_column_usage fk
WHERE fk.referenced_column_name is not null
  AND fk.table_schema = 'yalanotlob_development'
  AND fk.table_name = 'orders'

  [1m[36m (0.2ms)[0m  [1mSHOW CREATE TABLE `orders`[0m
  [1m[35m (0.3ms)[0m  SELECT fk.referenced_table_name as 'to_table'
      ,fk.referenced_column_name as 'primary_key'
      ,fk.column_name as 'column'
      ,fk.constraint_name as 'name'
FROM information_schema.key_column_usage fk
WHERE fk.referenced_column_name is not null
  AND fk.table_schema = 'yalanotlob_development'
  AND fk.table_name = 'users'

  [1m[36m (0.2ms)[0m  [1mSHOW CREATE TABLE `users`[0m
  [1m[36m (75.1ms)[0m  [1mCREATE TABLE `schema_migrations` (`version` varchar(255) NOT NULL) ENGINE=InnoDB[0m
  [1m[35m (179.0ms)[0m  CREATE UNIQUE INDEX `unique_schema_migrations`  ON `schema_migrations` (`version`) 
  [1m[36mActiveRecord::SchemaMigration Load (0.2ms)[0m  [1mSELECT `schema_migrations`.* FROM `schema_migrations`[0m
Migrating to CreateUsers (20160517085112)
  [1m[35m (71.4ms)[0m  CREATE TABLE `users` (`id` int(11) auto_increment PRIMARY KEY, `name` varchar(255), `email` varchar(255), `password` varchar(255), `image` varchar(255), `created_at` datetime NOT NULL, `updated_at` datetime NOT NULL) ENGINE=InnoDB
  [1m[36m (158.0ms)[0m  [1mCREATE UNIQUE INDEX `index_users_on_email`  ON `users` (`email`) [0m
  [1m[35m (0.1ms)[0m  BEGIN
  [1m[36mSQL (0.3ms)[0m  [1mINSERT INTO `schema_migrations` (`version`) VALUES ('20160517085112')[0m
  [1m[35m (41.2ms)[0m  COMMIT
Migrating to AddDeviseToUsers (20160517085311)
  [1m[36m (168.6ms)[0m  [1mALTER TABLE `users` ADD `encrypted_password` varchar(255) DEFAULT '' NOT NULL[0m
  [1m[35m (180.4ms)[0m  ALTER TABLE `users` ADD `reset_password_token` varchar(255)
  [1m[36m (180.4ms)[0m  [1mALTER TABLE `users` ADD `reset_password_sent_at` datetime[0m
  [1m[35m (181.9ms)[0m  ALTER TABLE `users` ADD `remember_created_at` datetime
  [1m[36m (180.3ms)[0m  [1mALTER TABLE `users` ADD `sign_in_count` int(11) DEFAULT 0 NOT NULL[0m
  [1m[35m (169.3ms)[0m  ALTER TABLE `users` ADD `current_sign_in_at` datetime
  [1m[36m (202.7ms)[0m  [1mALTER TABLE `users` ADD `last_sign_in_at` datetime[0m
  [1m[35m (193.0ms)[0m  ALTER TABLE `users` ADD `current_sign_in_ip` varchar(255)
  [1m[36m (191.5ms)[0m  [1mALTER TABLE `users` ADD `last_sign_in_ip` varchar(255)[0m
  [1m[35m (145.3ms)[0m  CREATE UNIQUE INDEX `index_users_on_reset_password_token`  ON `users` (`reset_password_token`) 
  [1m[36m (0.1ms)[0m  [1mBEGIN[0m
  [1m[35mSQL (0.2ms)[0m  INSERT INTO `schema_migrations` (`version`) VALUES ('20160517085311')
  [1m[36m (43.6ms)[0m  [1mCOMMIT[0m
Migrating to CreateFriends (20160517101707)
  [1m[35m (77.0ms)[0m  CREATE TABLE `friends` (`id` int(11) auto_increment PRIMARY KEY, `friend_id` int(11), `user_id` int(11), `created_at` datetime NOT NULL, `updated_at` datetime NOT NULL,  INDEX `index_friends_on_user_id`  (`user_id`) ) ENGINE=InnoDB
  [1m[36m (192.5ms)[0m  [1mALTER TABLE `friends` ADD CONSTRAINT `fk_rails_9cfeeb4593`
FOREIGN KEY (`user_id`)
  REFERENCES `users` (`id`)
[0m
  [1m[35m (0.1ms)[0m  BEGIN
  [1m[36mSQL (0.2ms)[0m  [1mINSERT INTO `schema_migrations` (`version`) VALUES ('20160517101707')[0m
  [1m[35m (74.9ms)[0m  COMMIT
Migrating to CreateGroups (20160517101720)
  [1m[36m (87.4ms)[0m  [1mCREATE TABLE `groups` (`id` int(11) auto_increment PRIMARY KEY, `name` varchar(255), `user_id` int(11), `created_at` datetime NOT NULL, `updated_at` datetime NOT NULL,  INDEX `index_groups_on_user_id`  (`user_id`) ) ENGINE=InnoDB[0m
  [1m[35m (169.0ms)[0m  ALTER TABLE `groups` ADD CONSTRAINT `fk_rails_5e78cd340a`
FOREIGN KEY (`user_id`)
  REFERENCES `users` (`id`)

  [1m[36m (167.7ms)[0m  [1mCREATE UNIQUE INDEX `index_groups_on_name`  ON `groups` (`name`) [0m
  [1m[35m (0.2ms)[0m  BEGIN
  [1m[36mSQL (0.3ms)[0m  [1mINSERT INTO `schema_migrations` (`version`) VALUES ('20160517101720')[0m
  [1m[35m (43.1ms)[0m  COMMIT
Migrating to CreateGroupMembers (20160517101728)
  [1m[36m (64.6ms)[0m  [1mCREATE TABLE `group_members` (`id` int(11) auto_increment PRIMARY KEY, `group_id` int(11), `user_id` int(11), `created_at` datetime NOT NULL, `updated_at` datetime NOT NULL,  INDEX `index_group_members_on_group_id`  (`group_id`) ,  INDEX `index_group_members_on_user_id`  (`user_id`) ) ENGINE=InnoDB[0m
  [1m[35m (192.6ms)[0m  ALTER TABLE `group_members` ADD CONSTRAINT `fk_rails_e9fdb70ec5`
FOREIGN KEY (`group_id`)
  REFERENCES `groups` (`id`)

  [1m[36m (180.3ms)[0m  [1mALTER TABLE `group_members` ADD CONSTRAINT `fk_rails_bb66f6bca8`
FOREIGN KEY (`user_id`)
  REFERENCES `users` (`id`)
[0m
  [1m[35m (0.1ms)[0m  BEGIN
  [1m[36mSQL (0.2ms)[0m  [1mINSERT INTO `schema_migrations` (`version`) VALUES ('20160517101728')[0m
  [1m[35m (32.0ms)[0m  COMMIT
Migrating to CreateOrders (20160517101737)
  [1m[36m (65.0ms)[0m  [1mCREATE TABLE `orders` (`id` int(11) auto_increment PRIMARY KEY, `name` varchar(255), `resturant` varchar(255), `status` tinyint(1), `user_id` int(11), `image` varchar(255), `created_at` datetime NOT NULL, `updated_at` datetime NOT NULL,  INDEX `index_orders_on_user_id`  (`user_id`) ) ENGINE=InnoDB[0m
  [1m[35m (213.3ms)[0m  ALTER TABLE `orders` ADD CONSTRAINT `fk_rails_f868b47f6a`
FOREIGN KEY (`user_id`)
  REFERENCES `users` (`id`)

  [1m[36m (0.1ms)[0m  [1mBEGIN[0m
  [1m[35mSQL (0.2ms)[0m  INSERT INTO `schema_migrations` (`version`) VALUES ('20160517101737')
  [1m[36m (31.9ms)[0m  [1mCOMMIT[0m
Migrating to CreateOrderMembers (20160517101747)
  [1m[35m (64.5ms)[0m  CREATE TABLE `order_members` (`id` int(11) auto_increment PRIMARY KEY, `order_id` int(11), `user_id` int(11), `status_user` tinyint(1), `created_at` datetime NOT NULL, `updated_at` datetime NOT NULL,  INDEX `index_order_members_on_order_id`  (`order_id`) ,  INDEX `index_order_members_on_user_id`  (`user_id`) ) ENGINE=InnoDB
  [1m[36m (181.5ms)[0m  [1mALTER TABLE `order_members` ADD CONSTRAINT `fk_rails_1a84658b86`
FOREIGN KEY (`order_id`)
  REFERENCES `orders` (`id`)
[0m
  [1m[35m (180.3ms)[0m  ALTER TABLE `order_members` ADD CONSTRAINT `fk_rails_033a0eee6d`
FOREIGN KEY (`user_id`)
  REFERENCES `users` (`id`)

  [1m[36m (0.1ms)[0m  [1mBEGIN[0m
  [1m[35mSQL (0.3ms)[0m  INSERT INTO `schema_migrations` (`version`) VALUES ('20160517101747')
  [1m[36m (31.8ms)[0m  [1mCOMMIT[0m
Migrating to CreateOrderDetails (20160517101756)
  [1m[35m (75.6ms)[0m  CREATE TABLE `order_details` (`id` int(11) auto_increment PRIMARY KEY, `item` varchar(255), `amount` int(11), `price` float, `comment` text, `order_id` int(11), `user_id` int(11), `created_at` datetime NOT NULL, `updated_at` datetime NOT NULL,  INDEX `index_order_details_on_order_id`  (`order_id`) ,  INDEX `index_order_details_on_user_id`  (`user_id`) ) ENGINE=InnoDB
  [1m[36m (213.3ms)[0m  [1mALTER TABLE `order_details` ADD CONSTRAINT `fk_rails_e5976611fd`
FOREIGN KEY (`order_id`)
  REFERENCES `orders` (`id`)
[0m
  [1m[35m (180.2ms)[0m  ALTER TABLE `order_details` ADD CONSTRAINT `fk_rails_67f58df321`
FOREIGN KEY (`user_id`)
  REFERENCES `users` (`id`)

  [1m[36m (0.2ms)[0m  [1mBEGIN[0m
  [1m[35mSQL (0.5ms)[0m  INSERT INTO `schema_migrations` (`version`) VALUES ('20160517101756')
  [1m[36m (30.7ms)[0m  [1mCOMMIT[0m
Migrating to CreateNotifications (20160517101803)
  [1m[35m (121.4ms)[0m  CREATE TABLE `notifications` (`id` int(11) auto_increment PRIMARY KEY, `user_id` int(11), `content` text, `status` tinyint(1), `created_at` datetime NOT NULL, `updated_at` datetime NOT NULL,  INDEX `index_notifications_on_user_id`  (`user_id`) ) ENGINE=InnoDB
  [1m[36m (180.0ms)[0m  [1mALTER TABLE `notifications` ADD CONSTRAINT `fk_rails_b080fb4855`
FOREIGN KEY (`user_id`)
  REFERENCES `users` (`id`)
[0m
  [1m[35m (0.1ms)[0m  BEGIN
  [1m[36mSQL (0.3ms)[0m  [1mINSERT INTO `schema_migrations` (`version`) VALUES ('20160517101803')[0m
  [1m[35m (31.8ms)[0m  COMMIT
  [1m[36mActiveRecord::SchemaMigration Load (0.2ms)[0m  [1mSELECT `schema_migrations`.* FROM `schema_migrations`[0m
  [1m[35m (0.4ms)[0m  SELECT fk.referenced_table_name as 'to_table'
      ,fk.referenced_column_name as 'primary_key'
      ,fk.column_name as 'column'
      ,fk.constraint_name as 'name'
FROM information_schema.key_column_usage fk
WHERE fk.referenced_column_name is not null
  AND fk.table_schema = 'yalanotlob_development'
  AND fk.table_name = 'friends'

  [1m[36m (0.2ms)[0m  [1mSHOW CREATE TABLE `friends`[0m
  [1m[35m (0.4ms)[0m  SELECT fk.referenced_table_name as 'to_table'
      ,fk.referenced_column_name as 'primary_key'
      ,fk.column_name as 'column'
      ,fk.constraint_name as 'name'
FROM information_schema.key_column_usage fk
WHERE fk.referenced_column_name is not null
  AND fk.table_schema = 'yalanotlob_development'
  AND fk.table_name = 'group_members'

  [1m[36m (0.2ms)[0m  [1mSHOW CREATE TABLE `group_members`[0m
  [1m[35m (0.3ms)[0m  SELECT fk.referenced_table_name as 'to_table'
      ,fk.referenced_column_name as 'primary_key'
      ,fk.column_name as 'column'
      ,fk.constraint_name as 'name'
FROM information_schema.key_column_usage fk
WHERE fk.referenced_column_name is not null
  AND fk.table_schema = 'yalanotlob_development'
  AND fk.table_name = 'groups'

  [1m[36m (0.2ms)[0m  [1mSHOW CREATE TABLE `groups`[0m
  [1m[35m (0.3ms)[0m  SELECT fk.referenced_table_name as 'to_table'
      ,fk.referenced_column_name as 'primary_key'
      ,fk.column_name as 'column'
      ,fk.constraint_name as 'name'
FROM information_schema.key_column_usage fk
WHERE fk.referenced_column_name is not null
  AND fk.table_schema = 'yalanotlob_development'
  AND fk.table_name = 'notifications'

  [1m[36m (0.2ms)[0m  [1mSHOW CREATE TABLE `notifications`[0m
  [1m[35m (0.3ms)[0m  SELECT fk.referenced_table_name as 'to_table'
      ,fk.referenced_column_name as 'primary_key'
      ,fk.column_name as 'column'
      ,fk.constraint_name as 'name'
FROM information_schema.key_column_usage fk
WHERE fk.referenced_column_name is not null
  AND fk.table_schema = 'yalanotlob_development'
  AND fk.table_name = 'order_details'

  [1m[36m (0.2ms)[0m  [1mSHOW CREATE TABLE `order_details`[0m
  [1m[35m (0.3ms)[0m  SELECT fk.referenced_table_name as 'to_table'
      ,fk.referenced_column_name as 'primary_key'
      ,fk.column_name as 'column'
      ,fk.constraint_name as 'name'
FROM information_schema.key_column_usage fk
WHERE fk.referenced_column_name is not null
  AND fk.table_schema = 'yalanotlob_development'
  AND fk.table_name = 'order_members'

  [1m[36m (0.2ms)[0m  [1mSHOW CREATE TABLE `order_members`[0m
  [1m[35m (0.3ms)[0m  SELECT fk.referenced_table_name as 'to_table'
      ,fk.referenced_column_name as 'primary_key'
      ,fk.column_name as 'column'
      ,fk.constraint_name as 'name'
FROM information_schema.key_column_usage fk
WHERE fk.referenced_column_name is not null
  AND fk.table_schema = 'yalanotlob_development'
  AND fk.table_name = 'orders'

  [1m[36m (0.2ms)[0m  [1mSHOW CREATE TABLE `orders`[0m
  [1m[35m (0.2ms)[0m  SELECT fk.referenced_table_name as 'to_table'
      ,fk.referenced_column_name as 'primary_key'
      ,fk.column_name as 'column'
      ,fk.constraint_name as 'name'
FROM information_schema.key_column_usage fk
WHERE fk.referenced_column_name is not null
  AND fk.table_schema = 'yalanotlob_development'
  AND fk.table_name = 'users'

  [1m[36m (0.2ms)[0m  [1mSHOW CREATE TABLE `users`[0m


Started GET "/" for 127.0.0.1 at 2016-05-18 02:41:12 +0200
  [1m[36mActiveRecord::SchemaMigration Load (104.6ms)[0m  [1mSELECT `schema_migrations`.* FROM `schema_migrations`[0m
Processing by Rails::WelcomeController#index as HTML
  Rendered /home/maram/.rvm/gems/ruby-2.3.0/gems/railties-4.2.6/lib/rails/templates/rails/welcome/index.html.erb (2.1ms)
Completed 200 OK in 112ms (Views: 63.1ms | ActiveRecord: 0.0ms)


Started GET "/posts" for 127.0.0.1 at 2016-05-18 02:41:18 +0200

ActionController::RoutingError (No route matches [GET] "/posts"):
  actionpack (4.2.6) lib/action_dispatch/middleware/debug_exceptions.rb:21:in `call'
  web-console (2.3.0) lib/web_console/middleware.rb:28:in `block in call'
  web-console (2.3.0) lib/web_console/middleware.rb:18:in `catch'
  web-console (2.3.0) lib/web_console/middleware.rb:18:in `call'
  actionpack (4.2.6) lib/action_dispatch/middleware/show_exceptions.rb:30:in `call'
  railties (4.2.6) lib/rails/rack/logger.rb:38:in `call_app'
  railties (4.2.6) lib/rails/rack/logger.rb:20:in `block in call'
  activesupport (4.2.6) lib/active_support/tagged_logging.rb:68:in `block in tagged'
  activesupport (4.2.6) lib/active_support/tagged_logging.rb:26:in `tagged'
  activesupport (4.2.6) lib/active_support/tagged_logging.rb:68:in `tagged'
  railties (4.2.6) lib/rails/rack/logger.rb:20:in `call'
  actionpack (4.2.6) lib/action_dispatch/middleware/request_id.rb:21:in `call'
  rack (1.6.4) lib/rack/methodoverride.rb:22:in `call'
  rack (1.6.4) lib/rack/runtime.rb:18:in `call'
  activesupport (4.2.6) lib/active_support/cache/strategy/local_cache_middleware.rb:28:in `call'
  rack (1.6.4) lib/rack/lock.rb:17:in `call'
  actionpack (4.2.6) lib/action_dispatch/middleware/static.rb:120:in `call'
  rack (1.6.4) lib/rack/sendfile.rb:113:in `call'
  railties (4.2.6) lib/rails/engine.rb:518:in `call'
  railties (4.2.6) lib/rails/application.rb:165:in `call'
  rack (1.6.4) lib/rack/lock.rb:17:in `call'
  rack (1.6.4) lib/rack/content_length.rb:15:in `call'
  rack (1.6.4) lib/rack/handler/webrick.rb:88:in `service'
  /home/maram/.rvm/rubies/ruby-2.3.0/lib/ruby/2.3.0/webrick/httpserver.rb:140:in `service'
  /home/maram/.rvm/rubies/ruby-2.3.0/lib/ruby/2.3.0/webrick/httpserver.rb:96:in `run'
  /home/maram/.rvm/rubies/ruby-2.3.0/lib/ruby/2.3.0/webrick/server.rb:296:in `block in start_thread'


  Rendered /home/maram/.rvm/gems/ruby-2.3.0/gems/actionpack-4.2.6/lib/action_dispatch/middleware/templates/rescues/_trace.html.erb (2.0ms)
  Rendered /home/maram/.rvm/gems/ruby-2.3.0/gems/actionpack-4.2.6/lib/action_dispatch/middleware/templates/routes/_route.html.erb (5.7ms)
  Rendered /home/maram/.rvm/gems/ruby-2.3.0/gems/actionpack-4.2.6/lib/action_dispatch/middleware/templates/routes/_table.html.erb (34.3ms)
  Rendered /home/maram/.rvm/gems/ruby-2.3.0/gems/actionpack-4.2.6/lib/action_dispatch/middleware/templates/rescues/_request_and_response.html.erb (1.8ms)
  Rendered /home/maram/.rvm/gems/ruby-2.3.0/gems/actionpack-4.2.6/lib/action_dispatch/middleware/templates/rescues/routing_error.html.erb within rescues/layout (233.4ms)
  Rendered /home/maram/.rvm/gems/ruby-2.3.0/gems/web-console-2.3.0/lib/web_console/templates/_markup.html.erb (0.5ms)
  Rendered /home/maram/.rvm/gems/ruby-2.3.0/gems/web-console-2.3.0/lib/web_console/templates/_inner_console_markup.html.erb within layouts/inlined_string (0.6ms)
  Rendered /home/maram/.rvm/gems/ruby-2.3.0/gems/web-console-2.3.0/lib/web_console/templates/_prompt_box_markup.html.erb within layouts/inlined_string (0.4ms)
  Rendered /home/maram/.rvm/gems/ruby-2.3.0/gems/web-console-2.3.0/lib/web_console/templates/style.css.erb within layouts/inlined_string (0.4ms)
  Rendered /home/maram/.rvm/gems/ruby-2.3.0/gems/web-console-2.3.0/lib/web_console/templates/console.js.erb within layouts/javascript (120.6ms)
  Rendered /home/maram/.rvm/gems/ruby-2.3.0/gems/web-console-2.3.0/lib/web_console/templates/main.js.erb within layouts/javascript (0.6ms)
  Rendered /home/maram/.rvm/gems/ruby-2.3.0/gems/web-console-2.3.0/lib/web_console/templates/error_page.js.erb within layouts/javascript (0.6ms)
  Rendered /home/maram/.rvm/gems/ruby-2.3.0/gems/web-console-2.3.0/lib/web_console/templates/index.html.erb (145.8ms)


Started GET "/users" for 127.0.0.1 at 2016-05-18 09:55:36 +0200
  [1m[36mActiveRecord::SchemaMigration Load (0.3ms)[0m  [1mSELECT `schema_migrations`.* FROM `schema_migrations`[0m
Processing by UsersController#index as HTML
  [1m[35mUser Load (0.4ms)[0m  SELECT `users`.* FROM `users`
  Rendered users/index.html.erb within layouts/application (66.8ms)
Completed 500 Internal Server Error in 187ms (ActiveRecord: 1.4ms)

ActionView::Template::Error (undefined local variable or method `root_path' for #<#<Class:0x00000002930b78>:0x000000028b2ca0>
Did you mean?  font_path):
    36: 
    37: 
    38: <%= nav_bar do %>
    39:     <%= menu_item "Home", root_path %>
    40: 
    41:     <%= drop_down "Products" do %>
    42:         <%= menu_item "Latest", latest_products_path %>
  app/views/users/index.html.erb:39:in `block in _app_views_users_index_html_erb___1147894316625224041_19173440'
  app/views/users/index.html.erb:38:in `_app_views_users_index_html_erb___1147894316625224041_19173440'


  Rendered /home/maram/.rvm/gems/ruby-2.3.0/gems/actionpack-4.2.6/lib/action_dispatch/middleware/templates/rescues/_source.erb (12.2ms)
  Rendered /home/maram/.rvm/gems/ruby-2.3.0/gems/actionpack-4.2.6/lib/action_dispatch/middleware/templates/rescues/_trace.html.erb (8.9ms)
  Rendered /home/maram/.rvm/gems/ruby-2.3.0/gems/actionpack-4.2.6/lib/action_dispatch/middleware/templates/rescues/_request_and_response.html.erb (2.0ms)
  Rendered /home/maram/.rvm/gems/ruby-2.3.0/gems/actionpack-4.2.6/lib/action_dispatch/middleware/templates/rescues/template_error.html.erb within rescues/layout (89.4ms)
  Rendered /home/maram/.rvm/gems/ruby-2.3.0/gems/web-console-2.3.0/lib/web_console/templates/_markup.html.erb (0.6ms)
  Rendered /home/maram/.rvm/gems/ruby-2.3.0/gems/web-console-2.3.0/lib/web_console/templates/_inner_console_markup.html.erb within layouts/inlined_string (0.5ms)
  Rendered /home/maram/.rvm/gems/ruby-2.3.0/gems/web-console-2.3.0/lib/web_console/templates/_prompt_box_markup.html.erb within layouts/inlined_string (1.0ms)
  Rendered /home/maram/.rvm/gems/ruby-2.3.0/gems/web-console-2.3.0/lib/web_console/templates/style.css.erb within layouts/inlined_string (3.3ms)
  Rendered /home/maram/.rvm/gems/ruby-2.3.0/gems/web-console-2.3.0/lib/web_console/templates/console.js.erb within layouts/javascript (200.5ms)
  Rendered /home/maram/.rvm/gems/ruby-2.3.0/gems/web-console-2.3.0/lib/web_console/templates/main.js.erb within layouts/javascript (0.5ms)
  Rendered /home/maram/.rvm/gems/ruby-2.3.0/gems/web-console-2.3.0/lib/web_console/templates/error_page.js.erb within layouts/javascript (0.5ms)
  Rendered /home/maram/.rvm/gems/ruby-2.3.0/gems/web-console-2.3.0/lib/web_console/templates/index.html.erb (232.8ms)


Started GET "/users" for 127.0.0.1 at 2016-05-18 09:57:58 +0200
Processing by UsersController#index as HTML
  [1m[36mUser Load (0.2ms)[0m  [1mSELECT `users`.* FROM `users`[0m
  Rendered users/index.html.erb within layouts/application (3.8ms)
Completed 200 OK in 4012ms (Views: 4011.3ms | ActiveRecord: 0.2ms)


Started GET "/assets/twitter-bootstrap-static/bootstrap.self-603f330c29af013305325569c8c75d03d688963abd8cde4fffec17b5ce417bfb.css?body=1" for 127.0.0.1 at 2016-05-18 09:58:02 +0200


Started GET "/assets/twitter-bootstrap-static/fontawesome.self-2fe4f8a61d73606fbcb036b41f380591906a4da65a9eb5ec0a210fe6980b2ca7.css?body=1" for 127.0.0.1 at 2016-05-18 09:58:02 +0200


Started GET "/assets/bootstrap_and_overrides.self-2cb3834583dfbaf0a39c7139750bf963e05d79cbe811126997e013400be5d8dc.css?body=1" for 127.0.0.1 at 2016-05-18 09:58:02 +0200


Started GET "/assets/friends.self-e3b0c44298fc1c149afbf4c8996fb92427ae41e4649b934ca495991b7852b855.css?body=1" for 127.0.0.1 at 2016-05-18 09:58:02 +0200


Started GET "/assets/group_members.self-e3b0c44298fc1c149afbf4c8996fb92427ae41e4649b934ca495991b7852b855.css?body=1" for 127.0.0.1 at 2016-05-18 09:58:02 +0200


Started GET "/assets/groups.self-e3b0c44298fc1c149afbf4c8996fb92427ae41e4649b934ca495991b7852b855.css?body=1" for 127.0.0.1 at 2016-05-18 09:58:02 +0200


Started GET "/assets/notifications.self-e3b0c44298fc1c149afbf4c8996fb92427ae41e4649b934ca495991b7852b855.css?body=1" for 127.0.0.1 at 2016-05-18 09:58:02 +0200


Started GET "/assets/order_details.self-e3b0c44298fc1c149afbf4c8996fb92427ae41e4649b934ca495991b7852b855.css?body=1" for 127.0.0.1 at 2016-05-18 09:58:02 +0200


Started GET "/assets/orders.self-e3b0c44298fc1c149afbf4c8996fb92427ae41e4649b934ca495991b7852b855.css?body=1" for 127.0.0.1 at 2016-05-18 09:58:02 +0200


Started GET "/assets/application.self-27e911da1d6f5c3c965ae446586a3741e37ac8596c432522595652dd52594803.css?body=1" for 127.0.0.1 at 2016-05-18 09:58:02 +0200


Started GET "/assets/scaffolds.self-6be09bc81fac5a93291dc34a370aaf274bcf342466e0363baf5eed9f505a3af3.css?body=1" for 127.0.0.1 at 2016-05-18 09:58:02 +0200


Started GET "/assets/order_members.self-e3b0c44298fc1c149afbf4c8996fb92427ae41e4649b934ca495991b7852b855.css?body=1" for 127.0.0.1 at 2016-05-18 09:58:02 +0200


Started GET "/assets/twitter/bootstrap/transition.self-09ff30b1e8a93d1f7728b9855f55d9c9d8d5734c8861e0d8139994e50944572a.js?body=1" for 127.0.0.1 at 2016-05-18 09:58:02 +0200


Started GET "/assets/twitter/bootstrap/modal.self-72f95ffa1071297725a9ac91989693d56d1abf23f441a47455073b0da2857a5b.js?body=1" for 127.0.0.1 at 2016-05-18 09:58:02 +0200


Started GET "/assets/twitter/bootstrap/tab.self-122235057fbd4c6c7da377d59dc58f47b44cb1088a2e38e6ee6ce9d8ac29a26a.js?body=1" for 127.0.0.1 at 2016-05-18 09:58:02 +0200


Started GET "/assets/twitter/bootstrap/scrollspy.self-a155b9d4b2f978905f0326c0f6635e1134fe91c6bfbfcbad079fa24a9fef2b0e.js?body=1" for 127.0.0.1 at 2016-05-18 09:58:02 +0200


Started GET "/assets/twitter/bootstrap/alert.self-a29e91e8cd3ddaba9bbc466901d53ec2127e9256b9b941905d525a3a716bd1a5.js?body=1" for 127.0.0.1 at 2016-05-18 09:58:02 +0200


Started GET "/assets/twitter/bootstrap/dropdown.self-9314126777c6be5443e37ea7f7967d7914d72b3e60449ba50edc967446373059.js?body=1" for 127.0.0.1 at 2016-05-18 09:58:03 +0200


Started GET "/assets/twitter/bootstrap/tooltip.self-11cf547be953f25f511cec668f6690473fd97b2f65502e4032f4030999a3f0c3.js?body=1" for 127.0.0.1 at 2016-05-18 09:58:03 +0200


Started GET "/assets/twitter/bootstrap/collapse.self-7dc8bfbc2fbfabd2bad62c58ff8ffeaf8f20fb87c7ca6cd35f06d4dc19632587.js?body=1" for 127.0.0.1 at 2016-05-18 09:58:03 +0200


Started GET "/assets/twitter/bootstrap/popover.self-77d8e3a2499c1104ef146396a68b82469ee2bdb365199b874694698d10405e9a.js?body=1" for 127.0.0.1 at 2016-05-18 09:58:03 +0200


Started GET "/assets/twitter/bootstrap/carousel.self-57eb8422043cf0a85b7a9dc6843916eb0a3e35b419c7798a5eb254b918997631.js?body=1" for 127.0.0.1 at 2016-05-18 09:58:03 +0200


Started GET "/assets/twitter/bootstrap/button.self-a6cb16785434acb365ae426aef9f1fce05ed553cae7a965e4471c3da71509175.js?body=1" for 127.0.0.1 at 2016-05-18 09:58:03 +0200


Started GET "/assets/twitter/bootstrap/affix.self-d2b642d8fbfc1d7041e2edefd66683ada567a980789dcd6f94fddda0b33408b5.js?body=1" for 127.0.0.1 at 2016-05-18 09:58:03 +0200


Started GET "/assets/twitter/bootstrap.self-fbfa5ad7d9aa0afe439ec4ff3883acc4cb92b62cb67c40d674320c9aa1d4642d.js?body=1" for 127.0.0.1 at 2016-05-18 09:58:03 +0200


Started GET "/assets/bootstrap.self-5afe7e91ef3675e2be97b8d060a7f3755d6dbc615b76df476df55143da70679f.js?body=1" for 127.0.0.1 at 2016-05-18 09:58:03 +0200


Started GET "/assets/group_members.self-877aef30ae1b040ab8a3aba4e3e309a11d7f2612f44dde450b5c157aa5f95c05.js?body=1" for 127.0.0.1 at 2016-05-18 09:58:03 +0200


Started GET "/assets/friends.self-877aef30ae1b040ab8a3aba4e3e309a11d7f2612f44dde450b5c157aa5f95c05.js?body=1" for 127.0.0.1 at 2016-05-18 09:58:03 +0200


Started GET "/assets/groups.self-877aef30ae1b040ab8a3aba4e3e309a11d7f2612f44dde450b5c157aa5f95c05.js?body=1" for 127.0.0.1 at 2016-05-18 09:58:03 +0200


Started GET "/assets/notifications.self-877aef30ae1b040ab8a3aba4e3e309a11d7f2612f44dde450b5c157aa5f95c05.js?body=1" for 127.0.0.1 at 2016-05-18 09:58:03 +0200


Started GET "/assets/order_members.self-877aef30ae1b040ab8a3aba4e3e309a11d7f2612f44dde450b5c157aa5f95c05.js?body=1" for 127.0.0.1 at 2016-05-18 09:58:03 +0200


Started GET "/assets/order_details.self-877aef30ae1b040ab8a3aba4e3e309a11d7f2612f44dde450b5c157aa5f95c05.js?body=1" for 127.0.0.1 at 2016-05-18 09:58:03 +0200


Started GET "/assets/orders.self-877aef30ae1b040ab8a3aba4e3e309a11d7f2612f44dde450b5c157aa5f95c05.js?body=1" for 127.0.0.1 at 2016-05-18 09:58:03 +0200


Started GET "/assets/application.self-c8e78416a1fa2eb888c48b7933e866d8839e764b02429247e6934c72ab665557.js?body=1" for 127.0.0.1 at 2016-05-18 09:58:03 +0200


Started GET "/users" for 127.0.0.1 at 2016-05-18 09:58:27 +0200
Processing by UsersController#index as HTML
  [1m[35mUser Load (0.2ms)[0m  SELECT `users`.* FROM `users`
  Rendered users/index.html.erb within layouts/application (2.2ms)
Completed 200 OK in 95ms (Views: 93.7ms | ActiveRecord: 0.2ms)


Started GET "/assets/twitter-bootstrap-static/bootstrap.self-603f330c29af013305325569c8c75d03d688963abd8cde4fffec17b5ce417bfb.css?body=1" for 127.0.0.1 at 2016-05-18 09:58:27 +0200


Started GET "/assets/twitter-bootstrap-static/fontawesome.self-2fe4f8a61d73606fbcb036b41f380591906a4da65a9eb5ec0a210fe6980b2ca7.css?body=1" for 127.0.0.1 at 2016-05-18 09:58:27 +0200


Started GET "/assets/bootstrap_and_overrides.self-2cb3834583dfbaf0a39c7139750bf963e05d79cbe811126997e013400be5d8dc.css?body=1" for 127.0.0.1 at 2016-05-18 09:58:27 +0200


Started GET "/assets/group_members.self-e3b0c44298fc1c149afbf4c8996fb92427ae41e4649b934ca495991b7852b855.css?body=1" for 127.0.0.1 at 2016-05-18 09:58:27 +0200


Started GET "/assets/groups.self-e3b0c44298fc1c149afbf4c8996fb92427ae41e4649b934ca495991b7852b855.css?body=1" for 127.0.0.1 at 2016-05-18 09:58:27 +0200


Started GET "/assets/notifications.self-e3b0c44298fc1c149afbf4c8996fb92427ae41e4649b934ca495991b7852b855.css?body=1" for 127.0.0.1 at 2016-05-18 09:58:27 +0200


Started GET "/assets/friends.self-e3b0c44298fc1c149afbf4c8996fb92427ae41e4649b934ca495991b7852b855.css?body=1" for 127.0.0.1 at 2016-05-18 09:58:27 +0200


Started GET "/assets/order_details.self-e3b0c44298fc1c149afbf4c8996fb92427ae41e4649b934ca495991b7852b855.css?body=1" for 127.0.0.1 at 2016-05-18 09:58:27 +0200


Started GET "/assets/orders.self-e3b0c44298fc1c149afbf4c8996fb92427ae41e4649b934ca495991b7852b855.css?body=1" for 127.0.0.1 at 2016-05-18 09:58:27 +0200


Started GET "/assets/order_members.self-e3b0c44298fc1c149afbf4c8996fb92427ae41e4649b934ca495991b7852b855.css?body=1" for 127.0.0.1 at 2016-05-18 09:58:27 +0200


Started GET "/assets/scaffolds.self-6be09bc81fac5a93291dc34a370aaf274bcf342466e0363baf5eed9f505a3af3.css?body=1" for 127.0.0.1 at 2016-05-18 09:58:27 +0200


Started GET "/assets/application.self-27e911da1d6f5c3c965ae446586a3741e37ac8596c432522595652dd52594803.css?body=1" for 127.0.0.1 at 2016-05-18 09:58:27 +0200


Started GET "/assets/users.self-e3b0c44298fc1c149afbf4c8996fb92427ae41e4649b934ca495991b7852b855.css?body=1" for 127.0.0.1 at 2016-05-18 09:58:27 +0200


Started GET "/assets/jquery.self-660adc51e0224b731d29f575a6f1ec167ba08ad06ed5deca4f1e8654c135bf4c.js?body=1" for 127.0.0.1 at 2016-05-18 09:58:27 +0200


Started GET "/assets/twitter/bootstrap/transition.self-09ff30b1e8a93d1f7728b9855f55d9c9d8d5734c8861e0d8139994e50944572a.js?body=1" for 127.0.0.1 at 2016-05-18 09:58:27 +0200


Started GET "/assets/jquery_ujs.self-e87806d0cf4489aeb1bb7288016024e8de67fd18db693fe026fe3907581e53cd.js?body=1" for 127.0.0.1 at 2016-05-18 09:58:27 +0200


Started GET "/assets/twitter/bootstrap/alert.self-a29e91e8cd3ddaba9bbc466901d53ec2127e9256b9b941905d525a3a716bd1a5.js?body=1" for 127.0.0.1 at 2016-05-18 09:58:27 +0200


Started GET "/assets/twitter/bootstrap/modal.self-72f95ffa1071297725a9ac91989693d56d1abf23f441a47455073b0da2857a5b.js?body=1" for 127.0.0.1 at 2016-05-18 09:58:27 +0200


Started GET "/assets/twitter/bootstrap/dropdown.self-9314126777c6be5443e37ea7f7967d7914d72b3e60449ba50edc967446373059.js?body=1" for 127.0.0.1 at 2016-05-18 09:58:27 +0200


Started GET "/assets/twitter/bootstrap/scrollspy.self-a155b9d4b2f978905f0326c0f6635e1134fe91c6bfbfcbad079fa24a9fef2b0e.js?body=1" for 127.0.0.1 at 2016-05-18 09:58:27 +0200


Started GET "/assets/twitter/bootstrap/tab.self-122235057fbd4c6c7da377d59dc58f47b44cb1088a2e38e6ee6ce9d8ac29a26a.js?body=1" for 127.0.0.1 at 2016-05-18 09:58:27 +0200


Started GET "/assets/twitter/bootstrap/tooltip.self-11cf547be953f25f511cec668f6690473fd97b2f65502e4032f4030999a3f0c3.js?body=1" for 127.0.0.1 at 2016-05-18 09:58:27 +0200


Started GET "/assets/twitter/bootstrap/popover.self-77d8e3a2499c1104ef146396a68b82469ee2bdb365199b874694698d10405e9a.js?body=1" for 127.0.0.1 at 2016-05-18 09:58:27 +0200


Started GET "/assets/twitter/bootstrap/button.self-a6cb16785434acb365ae426aef9f1fce05ed553cae7a965e4471c3da71509175.js?body=1" for 127.0.0.1 at 2016-05-18 09:58:27 +0200


Started GET "/assets/twitter/bootstrap/collapse.self-7dc8bfbc2fbfabd2bad62c58ff8ffeaf8f20fb87c7ca6cd35f06d4dc19632587.js?body=1" for 127.0.0.1 at 2016-05-18 09:58:27 +0200


Started GET "/assets/twitter/bootstrap/carousel.self-57eb8422043cf0a85b7a9dc6843916eb0a3e35b419c7798a5eb254b918997631.js?body=1" for 127.0.0.1 at 2016-05-18 09:58:27 +0200


Started GET "/assets/twitter/bootstrap/affix.self-d2b642d8fbfc1d7041e2edefd66683ada567a980789dcd6f94fddda0b33408b5.js?body=1" for 127.0.0.1 at 2016-05-18 09:58:27 +0200


Started GET "/assets/turbolinks.self-c37727e9bd6b2735da5c311aa83fead54ed0be6cc8bd9a65309e9c5abe2cbfff.js?body=1" for 127.0.0.1 at 2016-05-18 09:58:27 +0200


Started GET "/assets/bootstrap.self-5afe7e91ef3675e2be97b8d060a7f3755d6dbc615b76df476df55143da70679f.js?body=1" for 127.0.0.1 at 2016-05-18 09:58:27 +0200


Started GET "/assets/twitter/bootstrap.self-fbfa5ad7d9aa0afe439ec4ff3883acc4cb92b62cb67c40d674320c9aa1d4642d.js?body=1" for 127.0.0.1 at 2016-05-18 09:58:27 +0200


Started GET "/assets/friends.self-877aef30ae1b040ab8a3aba4e3e309a11d7f2612f44dde450b5c157aa5f95c05.js?body=1" for 127.0.0.1 at 2016-05-18 09:58:27 +0200


Started GET "/assets/group_members.self-877aef30ae1b040ab8a3aba4e3e309a11d7f2612f44dde450b5c157aa5f95c05.js?body=1" for 127.0.0.1 at 2016-05-18 09:58:27 +0200


Started GET "/assets/groups.self-877aef30ae1b040ab8a3aba4e3e309a11d7f2612f44dde450b5c157aa5f95c05.js?body=1" for 127.0.0.1 at 2016-05-18 09:58:27 +0200


Started GET "/assets/notifications.self-877aef30ae1b040ab8a3aba4e3e309a11d7f2612f44dde450b5c157aa5f95c05.js?body=1" for 127.0.0.1 at 2016-05-18 09:58:27 +0200


Started GET "/assets/order_details.self-877aef30ae1b040ab8a3aba4e3e309a11d7f2612f44dde450b5c157aa5f95c05.js?body=1" for 127.0.0.1 at 2016-05-18 09:58:27 +0200


Started GET "/assets/orders.self-877aef30ae1b040ab8a3aba4e3e309a11d7f2612f44dde450b5c157aa5f95c05.js?body=1" for 127.0.0.1 at 2016-05-18 09:58:27 +0200


Started GET "/assets/order_members.self-877aef30ae1b040ab8a3aba4e3e309a11d7f2612f44dde450b5c157aa5f95c05.js?body=1" for 127.0.0.1 at 2016-05-18 09:58:27 +0200


Started GET "/assets/application.self-c8e78416a1fa2eb888c48b7933e866d8839e764b02429247e6934c72ab665557.js?body=1" for 127.0.0.1 at 2016-05-18 09:58:27 +0200


Started GET "/assets/users.self-877aef30ae1b040ab8a3aba4e3e309a11d7f2612f44dde450b5c157aa5f95c05.js?body=1" for 127.0.0.1 at 2016-05-18 09:58:27 +0200


Started GET "/users" for 127.0.0.1 at 2016-05-18 09:58:29 +0200
Processing by UsersController#index as HTML
  [1m[36mUser Load (0.2ms)[0m  [1mSELECT `users`.* FROM `users`[0m
  Rendered users/index.html.erb within layouts/application (2.1ms)
Completed 200 OK in 109ms (Views: 108.0ms | ActiveRecord: 0.2ms)


Started GET "/users" for 127.0.0.1 at 2016-05-18 09:58:40 +0200
Processing by UsersController#index as HTML
  [1m[35mUser Load (0.3ms)[0m  SELECT `users`.* FROM `users`
  Rendered users/index.html.erb within layouts/application (2.2ms)
Completed 200 OK in 99ms (Views: 98.3ms | ActiveRecord: 0.3ms)


Started GET "/assets/twitter-bootstrap-static/bootstrap.self-603f330c29af013305325569c8c75d03d688963abd8cde4fffec17b5ce417bfb.css?body=1" for 127.0.0.1 at 2016-05-18 09:58:40 +0200


Started GET "/assets/twitter-bootstrap-static/fontawesome.self-2fe4f8a61d73606fbcb036b41f380591906a4da65a9eb5ec0a210fe6980b2ca7.css?body=1" for 127.0.0.1 at 2016-05-18 09:58:40 +0200


Started GET "/assets/bootstrap_and_overrides.self-2cb3834583dfbaf0a39c7139750bf963e05d79cbe811126997e013400be5d8dc.css?body=1" for 127.0.0.1 at 2016-05-18 09:58:40 +0200


Started GET "/assets/friends.self-e3b0c44298fc1c149afbf4c8996fb92427ae41e4649b934ca495991b7852b855.css?body=1" for 127.0.0.1 at 2016-05-18 09:58:40 +0200


Started GET "/assets/group_members.self-e3b0c44298fc1c149afbf4c8996fb92427ae41e4649b934ca495991b7852b855.css?body=1" for 127.0.0.1 at 2016-05-18 09:58:40 +0200


Started GET "/assets/groups.self-e3b0c44298fc1c149afbf4c8996fb92427ae41e4649b934ca495991b7852b855.css?body=1" for 127.0.0.1 at 2016-05-18 09:58:40 +0200


Started GET "/assets/notifications.self-e3b0c44298fc1c149afbf4c8996fb92427ae41e4649b934ca495991b7852b855.css?body=1" for 127.0.0.1 at 2016-05-18 09:58:40 +0200


Started GET "/assets/order_details.self-e3b0c44298fc1c149afbf4c8996fb92427ae41e4649b934ca495991b7852b855.css?body=1" for 127.0.0.1 at 2016-05-18 09:58:40 +0200


Started GET "/assets/order_members.self-e3b0c44298fc1c149afbf4c8996fb92427ae41e4649b934ca495991b7852b855.css?body=1" for 127.0.0.1 at 2016-05-18 09:58:40 +0200


Started GET "/assets/orders.self-e3b0c44298fc1c149afbf4c8996fb92427ae41e4649b934ca495991b7852b855.css?body=1" for 127.0.0.1 at 2016-05-18 09:58:40 +0200


Started GET "/assets/scaffolds.self-6be09bc81fac5a93291dc34a370aaf274bcf342466e0363baf5eed9f505a3af3.css?body=1" for 127.0.0.1 at 2016-05-18 09:58:40 +0200


Started GET "/assets/users.self-e3b0c44298fc1c149afbf4c8996fb92427ae41e4649b934ca495991b7852b855.css?body=1" for 127.0.0.1 at 2016-05-18 09:58:40 +0200


Started GET "/assets/application.self-27e911da1d6f5c3c965ae446586a3741e37ac8596c432522595652dd52594803.css?body=1" for 127.0.0.1 at 2016-05-18 09:58:40 +0200


Started GET "/assets/jquery.self-660adc51e0224b731d29f575a6f1ec167ba08ad06ed5deca4f1e8654c135bf4c.js?body=1" for 127.0.0.1 at 2016-05-18 09:58:40 +0200


Started GET "/assets/jquery_ujs.self-e87806d0cf4489aeb1bb7288016024e8de67fd18db693fe026fe3907581e53cd.js?body=1" for 127.0.0.1 at 2016-05-18 09:58:40 +0200


Started GET "/assets/twitter/bootstrap/transition.self-09ff30b1e8a93d1f7728b9855f55d9c9d8d5734c8861e0d8139994e50944572a.js?body=1" for 127.0.0.1 at 2016-05-18 09:58:40 +0200


Started GET "/assets/twitter/bootstrap/alert.self-a29e91e8cd3ddaba9bbc466901d53ec2127e9256b9b941905d525a3a716bd1a5.js?body=1" for 127.0.0.1 at 2016-05-18 09:58:40 +0200


Started GET "/assets/twitter/bootstrap/modal.self-72f95ffa1071297725a9ac91989693d56d1abf23f441a47455073b0da2857a5b.js?body=1" for 127.0.0.1 at 2016-05-18 09:58:40 +0200


Started GET "/assets/twitter/bootstrap/dropdown.self-9314126777c6be5443e37ea7f7967d7914d72b3e60449ba50edc967446373059.js?body=1" for 127.0.0.1 at 2016-05-18 09:58:40 +0200


Started GET "/assets/twitter/bootstrap/tab.self-122235057fbd4c6c7da377d59dc58f47b44cb1088a2e38e6ee6ce9d8ac29a26a.js?body=1" for 127.0.0.1 at 2016-05-18 09:58:40 +0200


Started GET "/assets/twitter/bootstrap/scrollspy.self-a155b9d4b2f978905f0326c0f6635e1134fe91c6bfbfcbad079fa24a9fef2b0e.js?body=1" for 127.0.0.1 at 2016-05-18 09:58:40 +0200


Started GET "/assets/twitter/bootstrap/tooltip.self-11cf547be953f25f511cec668f6690473fd97b2f65502e4032f4030999a3f0c3.js?body=1" for 127.0.0.1 at 2016-05-18 09:58:40 +0200


Started GET "/assets/twitter/bootstrap/popover.self-77d8e3a2499c1104ef146396a68b82469ee2bdb365199b874694698d10405e9a.js?body=1" for 127.0.0.1 at 2016-05-18 09:58:40 +0200


Started GET "/assets/twitter/bootstrap/button.self-a6cb16785434acb365ae426aef9f1fce05ed553cae7a965e4471c3da71509175.js?body=1" for 127.0.0.1 at 2016-05-18 09:58:40 +0200


Started GET "/assets/twitter/bootstrap/carousel.self-57eb8422043cf0a85b7a9dc6843916eb0a3e35b419c7798a5eb254b918997631.js?body=1" for 127.0.0.1 at 2016-05-18 09:58:40 +0200


Started GET "/assets/twitter/bootstrap/collapse.self-7dc8bfbc2fbfabd2bad62c58ff8ffeaf8f20fb87c7ca6cd35f06d4dc19632587.js?body=1" for 127.0.0.1 at 2016-05-18 09:58:40 +0200


Started GET "/assets/twitter/bootstrap/affix.self-d2b642d8fbfc1d7041e2edefd66683ada567a980789dcd6f94fddda0b33408b5.js?body=1" for 127.0.0.1 at 2016-05-18 09:58:40 +0200


Started GET "/assets/twitter/bootstrap.self-fbfa5ad7d9aa0afe439ec4ff3883acc4cb92b62cb67c40d674320c9aa1d4642d.js?body=1" for 127.0.0.1 at 2016-05-18 09:58:40 +0200


Started GET "/assets/turbolinks.self-c37727e9bd6b2735da5c311aa83fead54ed0be6cc8bd9a65309e9c5abe2cbfff.js?body=1" for 127.0.0.1 at 2016-05-18 09:58:40 +0200


Started GET "/assets/bootstrap.self-5afe7e91ef3675e2be97b8d060a7f3755d6dbc615b76df476df55143da70679f.js?body=1" for 127.0.0.1 at 2016-05-18 09:58:40 +0200


Started GET "/assets/friends.self-877aef30ae1b040ab8a3aba4e3e309a11d7f2612f44dde450b5c157aa5f95c05.js?body=1" for 127.0.0.1 at 2016-05-18 09:58:40 +0200


Started GET "/assets/group_members.self-877aef30ae1b040ab8a3aba4e3e309a11d7f2612f44dde450b5c157aa5f95c05.js?body=1" for 127.0.0.1 at 2016-05-18 09:58:40 +0200


Started GET "/assets/groups.self-877aef30ae1b040ab8a3aba4e3e309a11d7f2612f44dde450b5c157aa5f95c05.js?body=1" for 127.0.0.1 at 2016-05-18 09:58:40 +0200


Started GET "/assets/notifications.self-877aef30ae1b040ab8a3aba4e3e309a11d7f2612f44dde450b5c157aa5f95c05.js?body=1" for 127.0.0.1 at 2016-05-18 09:58:40 +0200


Started GET "/assets/order_details.self-877aef30ae1b040ab8a3aba4e3e309a11d7f2612f44dde450b5c157aa5f95c05.js?body=1" for 127.0.0.1 at 2016-05-18 09:58:40 +0200


Started GET "/assets/orders.self-877aef30ae1b040ab8a3aba4e3e309a11d7f2612f44dde450b5c157aa5f95c05.js?body=1" for 127.0.0.1 at 2016-05-18 09:58:40 +0200


Started GET "/assets/order_members.self-877aef30ae1b040ab8a3aba4e3e309a11d7f2612f44dde450b5c157aa5f95c05.js?body=1" for 127.0.0.1 at 2016-05-18 09:58:40 +0200


Started GET "/assets/application.self-c8e78416a1fa2eb888c48b7933e866d8839e764b02429247e6934c72ab665557.js?body=1" for 127.0.0.1 at 2016-05-18 09:58:40 +0200


Started GET "/assets/users.self-877aef30ae1b040ab8a3aba4e3e309a11d7f2612f44dde450b5c157aa5f95c05.js?body=1" for 127.0.0.1 at 2016-05-18 09:58:40 +0200


Started GET "/users" for 127.0.0.1 at 2016-05-18 09:58:49 +0200
Processing by UsersController#index as HTML
  [1m[36mUser Load (0.2ms)[0m  [1mSELECT `users`.* FROM `users`[0m
  Rendered users/index.html.erb within layouts/application (3.6ms)
Completed 200 OK in 99ms (Views: 98.4ms | ActiveRecord: 0.2ms)


Started GET "/assets/twitter-bootstrap-static/bootstrap.self-603f330c29af013305325569c8c75d03d688963abd8cde4fffec17b5ce417bfb.css?body=1" for 127.0.0.1 at 2016-05-18 09:58:49 +0200


Started GET "/assets/twitter-bootstrap-static/fontawesome.self-2fe4f8a61d73606fbcb036b41f380591906a4da65a9eb5ec0a210fe6980b2ca7.css?body=1" for 127.0.0.1 at 2016-05-18 09:58:49 +0200


Started GET "/assets/bootstrap_and_overrides.self-2cb3834583dfbaf0a39c7139750bf963e05d79cbe811126997e013400be5d8dc.css?body=1" for 127.0.0.1 at 2016-05-18 09:58:49 +0200


Started GET "/assets/group_members.self-e3b0c44298fc1c149afbf4c8996fb92427ae41e4649b934ca495991b7852b855.css?body=1" for 127.0.0.1 at 2016-05-18 09:58:49 +0200


Started GET "/assets/groups.self-e3b0c44298fc1c149afbf4c8996fb92427ae41e4649b934ca495991b7852b855.css?body=1" for 127.0.0.1 at 2016-05-18 09:58:49 +0200


Started GET "/assets/notifications.self-e3b0c44298fc1c149afbf4c8996fb92427ae41e4649b934ca495991b7852b855.css?body=1" for 127.0.0.1 at 2016-05-18 09:58:49 +0200


Started GET "/assets/friends.self-e3b0c44298fc1c149afbf4c8996fb92427ae41e4649b934ca495991b7852b855.css?body=1" for 127.0.0.1 at 2016-05-18 09:58:49 +0200


Started GET "/assets/order_details.self-e3b0c44298fc1c149afbf4c8996fb92427ae41e4649b934ca495991b7852b855.css?body=1" for 127.0.0.1 at 2016-05-18 09:58:49 +0200


Started GET "/assets/order_members.self-e3b0c44298fc1c149afbf4c8996fb92427ae41e4649b934ca495991b7852b855.css?body=1" for 127.0.0.1 at 2016-05-18 09:58:49 +0200


Started GET "/assets/orders.self-e3b0c44298fc1c149afbf4c8996fb92427ae41e4649b934ca495991b7852b855.css?body=1" for 127.0.0.1 at 2016-05-18 09:58:49 +0200


Started GET "/assets/scaffolds.self-6be09bc81fac5a93291dc34a370aaf274bcf342466e0363baf5eed9f505a3af3.css?body=1" for 127.0.0.1 at 2016-05-18 09:58:49 +0200


Started GET "/assets/users.self-e3b0c44298fc1c149afbf4c8996fb92427ae41e4649b934ca495991b7852b855.css?body=1" for 127.0.0.1 at 2016-05-18 09:58:49 +0200


Started GET "/assets/application.self-27e911da1d6f5c3c965ae446586a3741e37ac8596c432522595652dd52594803.css?body=1" for 127.0.0.1 at 2016-05-18 09:58:49 +0200


Started GET "/assets/jquery.self-660adc51e0224b731d29f575a6f1ec167ba08ad06ed5deca4f1e8654c135bf4c.js?body=1" for 127.0.0.1 at 2016-05-18 09:58:49 +0200


Started GET "/assets/twitter/bootstrap/modal.self-72f95ffa1071297725a9ac91989693d56d1abf23f441a47455073b0da2857a5b.js?body=1" for 127.0.0.1 at 2016-05-18 09:58:49 +0200


Started GET "/assets/jquery_ujs.self-e87806d0cf4489aeb1bb7288016024e8de67fd18db693fe026fe3907581e53cd.js?body=1" for 127.0.0.1 at 2016-05-18 09:58:49 +0200


Started GET "/assets/twitter/bootstrap/alert.self-a29e91e8cd3ddaba9bbc466901d53ec2127e9256b9b941905d525a3a716bd1a5.js?body=1" for 127.0.0.1 at 2016-05-18 09:58:49 +0200


Started GET "/assets/twitter/bootstrap/transition.self-09ff30b1e8a93d1f7728b9855f55d9c9d8d5734c8861e0d8139994e50944572a.js?body=1" for 127.0.0.1 at 2016-05-18 09:58:49 +0200


Started GET "/assets/twitter/bootstrap/dropdown.self-9314126777c6be5443e37ea7f7967d7914d72b3e60449ba50edc967446373059.js?body=1" for 127.0.0.1 at 2016-05-18 09:58:49 +0200


Started GET "/assets/twitter/bootstrap/scrollspy.self-a155b9d4b2f978905f0326c0f6635e1134fe91c6bfbfcbad079fa24a9fef2b0e.js?body=1" for 127.0.0.1 at 2016-05-18 09:58:49 +0200


Started GET "/assets/twitter/bootstrap/tab.self-122235057fbd4c6c7da377d59dc58f47b44cb1088a2e38e6ee6ce9d8ac29a26a.js?body=1" for 127.0.0.1 at 2016-05-18 09:58:49 +0200


Started GET "/assets/twitter/bootstrap/tooltip.self-11cf547be953f25f511cec668f6690473fd97b2f65502e4032f4030999a3f0c3.js?body=1" for 127.0.0.1 at 2016-05-18 09:58:49 +0200


Started GET "/assets/twitter/bootstrap/popover.self-77d8e3a2499c1104ef146396a68b82469ee2bdb365199b874694698d10405e9a.js?body=1" for 127.0.0.1 at 2016-05-18 09:58:49 +0200


Started GET "/assets/twitter/bootstrap/button.self-a6cb16785434acb365ae426aef9f1fce05ed553cae7a965e4471c3da71509175.js?body=1" for 127.0.0.1 at 2016-05-18 09:58:49 +0200


Started GET "/assets/twitter/bootstrap/collapse.self-7dc8bfbc2fbfabd2bad62c58ff8ffeaf8f20fb87c7ca6cd35f06d4dc19632587.js?body=1" for 127.0.0.1 at 2016-05-18 09:58:49 +0200


Started GET "/assets/twitter/bootstrap/carousel.self-57eb8422043cf0a85b7a9dc6843916eb0a3e35b419c7798a5eb254b918997631.js?body=1" for 127.0.0.1 at 2016-05-18 09:58:49 +0200


Started GET "/assets/twitter/bootstrap/affix.self-d2b642d8fbfc1d7041e2edefd66683ada567a980789dcd6f94fddda0b33408b5.js?body=1" for 127.0.0.1 at 2016-05-18 09:58:49 +0200


Started GET "/assets/twitter/bootstrap.self-fbfa5ad7d9aa0afe439ec4ff3883acc4cb92b62cb67c40d674320c9aa1d4642d.js?body=1" for 127.0.0.1 at 2016-05-18 09:58:49 +0200


Started GET "/assets/turbolinks.self-c37727e9bd6b2735da5c311aa83fead54ed0be6cc8bd9a65309e9c5abe2cbfff.js?body=1" for 127.0.0.1 at 2016-05-18 09:58:50 +0200


Started GET "/assets/friends.self-877aef30ae1b040ab8a3aba4e3e309a11d7f2612f44dde450b5c157aa5f95c05.js?body=1" for 127.0.0.1 at 2016-05-18 09:58:50 +0200


Started GET "/assets/bootstrap.self-5afe7e91ef3675e2be97b8d060a7f3755d6dbc615b76df476df55143da70679f.js?body=1" for 127.0.0.1 at 2016-05-18 09:58:50 +0200


Started GET "/assets/group_members.self-877aef30ae1b040ab8a3aba4e3e309a11d7f2612f44dde450b5c157aa5f95c05.js?body=1" for 127.0.0.1 at 2016-05-18 09:58:50 +0200


Started GET "/assets/groups.self-877aef30ae1b040ab8a3aba4e3e309a11d7f2612f44dde450b5c157aa5f95c05.js?body=1" for 127.0.0.1 at 2016-05-18 09:58:50 +0200


Started GET "/assets/notifications.self-877aef30ae1b040ab8a3aba4e3e309a11d7f2612f44dde450b5c157aa5f95c05.js?body=1" for 127.0.0.1 at 2016-05-18 09:58:50 +0200


Started GET "/assets/order_details.self-877aef30ae1b040ab8a3aba4e3e309a11d7f2612f44dde450b5c157aa5f95c05.js?body=1" for 127.0.0.1 at 2016-05-18 09:58:50 +0200


Started GET "/assets/order_members.self-877aef30ae1b040ab8a3aba4e3e309a11d7f2612f44dde450b5c157aa5f95c05.js?body=1" for 127.0.0.1 at 2016-05-18 09:58:50 +0200


Started GET "/assets/orders.self-877aef30ae1b040ab8a3aba4e3e309a11d7f2612f44dde450b5c157aa5f95c05.js?body=1" for 127.0.0.1 at 2016-05-18 09:58:50 +0200


Started GET "/assets/users.self-877aef30ae1b040ab8a3aba4e3e309a11d7f2612f44dde450b5c157aa5f95c05.js?body=1" for 127.0.0.1 at 2016-05-18 09:58:50 +0200


Started GET "/assets/application.self-c8e78416a1fa2eb888c48b7933e866d8839e764b02429247e6934c72ab665557.js?body=1" for 127.0.0.1 at 2016-05-18 09:58:50 +0200


Started GET "/users" for 127.0.0.1 at 2016-05-18 09:58:58 +0200
Processing by UsersController#index as HTML
  [1m[35mUser Load (0.2ms)[0m  SELECT `users`.* FROM `users`
  Rendered users/index.html.erb within layouts/application (1.9ms)
Completed 200 OK in 96ms (Views: 95.2ms | ActiveRecord: 0.2ms)


Started GET "/assets/twitter-bootstrap-static/bootstrap.self-603f330c29af013305325569c8c75d03d688963abd8cde4fffec17b5ce417bfb.css?body=1" for 127.0.0.1 at 2016-05-18 09:58:58 +0200


Started GET "/assets/twitter-bootstrap-static/fontawesome.self-2fe4f8a61d73606fbcb036b41f380591906a4da65a9eb5ec0a210fe6980b2ca7.css?body=1" for 127.0.0.1 at 2016-05-18 09:58:58 +0200


Started GET "/assets/groups.self-e3b0c44298fc1c149afbf4c8996fb92427ae41e4649b934ca495991b7852b855.css?body=1" for 127.0.0.1 at 2016-05-18 09:58:58 +0200


Started GET "/assets/group_members.self-e3b0c44298fc1c149afbf4c8996fb92427ae41e4649b934ca495991b7852b855.css?body=1" for 127.0.0.1 at 2016-05-18 09:58:58 +0200


Started GET "/assets/friends.self-e3b0c44298fc1c149afbf4c8996fb92427ae41e4649b934ca495991b7852b855.css?body=1" for 127.0.0.1 at 2016-05-18 09:58:58 +0200


Started GET "/assets/bootstrap_and_overrides.self-2cb3834583dfbaf0a39c7139750bf963e05d79cbe811126997e013400be5d8dc.css?body=1" for 127.0.0.1 at 2016-05-18 09:58:58 +0200


Started GET "/assets/notifications.self-e3b0c44298fc1c149afbf4c8996fb92427ae41e4649b934ca495991b7852b855.css?body=1" for 127.0.0.1 at 2016-05-18 09:58:58 +0200


Started GET "/assets/order_details.self-e3b0c44298fc1c149afbf4c8996fb92427ae41e4649b934ca495991b7852b855.css?body=1" for 127.0.0.1 at 2016-05-18 09:58:58 +0200


Started GET "/assets/orders.self-e3b0c44298fc1c149afbf4c8996fb92427ae41e4649b934ca495991b7852b855.css?body=1" for 127.0.0.1 at 2016-05-18 09:58:58 +0200


Started GET "/assets/order_members.self-e3b0c44298fc1c149afbf4c8996fb92427ae41e4649b934ca495991b7852b855.css?body=1" for 127.0.0.1 at 2016-05-18 09:58:58 +0200


Started GET "/assets/scaffolds.self-6be09bc81fac5a93291dc34a370aaf274bcf342466e0363baf5eed9f505a3af3.css?body=1" for 127.0.0.1 at 2016-05-18 09:58:58 +0200


Started GET "/assets/users.self-e3b0c44298fc1c149afbf4c8996fb92427ae41e4649b934ca495991b7852b855.css?body=1" for 127.0.0.1 at 2016-05-18 09:58:58 +0200


Started GET "/assets/application.self-27e911da1d6f5c3c965ae446586a3741e37ac8596c432522595652dd52594803.css?body=1" for 127.0.0.1 at 2016-05-18 09:58:58 +0200


Started GET "/assets/jquery_ujs.self-e87806d0cf4489aeb1bb7288016024e8de67fd18db693fe026fe3907581e53cd.js?body=1" for 127.0.0.1 at 2016-05-18 09:58:58 +0200


Started GET "/assets/jquery.self-660adc51e0224b731d29f575a6f1ec167ba08ad06ed5deca4f1e8654c135bf4c.js?body=1" for 127.0.0.1 at 2016-05-18 09:58:58 +0200


Started GET "/assets/twitter/bootstrap/transition.self-09ff30b1e8a93d1f7728b9855f55d9c9d8d5734c8861e0d8139994e50944572a.js?body=1" for 127.0.0.1 at 2016-05-18 09:58:59 +0200


Started GET "/assets/twitter/bootstrap/alert.self-a29e91e8cd3ddaba9bbc466901d53ec2127e9256b9b941905d525a3a716bd1a5.js?body=1" for 127.0.0.1 at 2016-05-18 09:58:59 +0200


Started GET "/assets/twitter/bootstrap/modal.self-72f95ffa1071297725a9ac91989693d56d1abf23f441a47455073b0da2857a5b.js?body=1" for 127.0.0.1 at 2016-05-18 09:58:59 +0200


Started GET "/assets/twitter/bootstrap/dropdown.self-9314126777c6be5443e37ea7f7967d7914d72b3e60449ba50edc967446373059.js?body=1" for 127.0.0.1 at 2016-05-18 09:58:59 +0200


Started GET "/assets/twitter/bootstrap/scrollspy.self-a155b9d4b2f978905f0326c0f6635e1134fe91c6bfbfcbad079fa24a9fef2b0e.js?body=1" for 127.0.0.1 at 2016-05-18 09:58:59 +0200


Started GET "/assets/twitter/bootstrap/tooltip.self-11cf547be953f25f511cec668f6690473fd97b2f65502e4032f4030999a3f0c3.js?body=1" for 127.0.0.1 at 2016-05-18 09:58:59 +0200


Started GET "/assets/twitter/bootstrap/tab.self-122235057fbd4c6c7da377d59dc58f47b44cb1088a2e38e6ee6ce9d8ac29a26a.js?body=1" for 127.0.0.1 at 2016-05-18 09:58:59 +0200


Started GET "/assets/twitter/bootstrap/popover.self-77d8e3a2499c1104ef146396a68b82469ee2bdb365199b874694698d10405e9a.js?body=1" for 127.0.0.1 at 2016-05-18 09:58:59 +0200


Started GET "/assets/twitter/bootstrap/button.self-a6cb16785434acb365ae426aef9f1fce05ed553cae7a965e4471c3da71509175.js?body=1" for 127.0.0.1 at 2016-05-18 09:58:59 +0200


Started GET "/assets/twitter/bootstrap/collapse.self-7dc8bfbc2fbfabd2bad62c58ff8ffeaf8f20fb87c7ca6cd35f06d4dc19632587.js?body=1" for 127.0.0.1 at 2016-05-18 09:58:59 +0200


Started GET "/assets/twitter/bootstrap/carousel.self-57eb8422043cf0a85b7a9dc6843916eb0a3e35b419c7798a5eb254b918997631.js?body=1" for 127.0.0.1 at 2016-05-18 09:58:59 +0200


Started GET "/assets/twitter/bootstrap/affix.self-d2b642d8fbfc1d7041e2edefd66683ada567a980789dcd6f94fddda0b33408b5.js?body=1" for 127.0.0.1 at 2016-05-18 09:58:59 +0200


Started GET "/assets/twitter/bootstrap.self-fbfa5ad7d9aa0afe439ec4ff3883acc4cb92b62cb67c40d674320c9aa1d4642d.js?body=1" for 127.0.0.1 at 2016-05-18 09:58:59 +0200


Started GET "/assets/turbolinks.self-c37727e9bd6b2735da5c311aa83fead54ed0be6cc8bd9a65309e9c5abe2cbfff.js?body=1" for 127.0.0.1 at 2016-05-18 09:58:59 +0200


Started GET "/assets/bootstrap.self-5afe7e91ef3675e2be97b8d060a7f3755d6dbc615b76df476df55143da70679f.js?body=1" for 127.0.0.1 at 2016-05-18 09:58:59 +0200


Started GET "/assets/groups.self-877aef30ae1b040ab8a3aba4e3e309a11d7f2612f44dde450b5c157aa5f95c05.js?body=1" for 127.0.0.1 at 2016-05-18 09:58:59 +0200


Started GET "/assets/notifications.self-877aef30ae1b040ab8a3aba4e3e309a11d7f2612f44dde450b5c157aa5f95c05.js?body=1" for 127.0.0.1 at 2016-05-18 09:58:59 +0200


Started GET "/assets/friends.self-877aef30ae1b040ab8a3aba4e3e309a11d7f2612f44dde450b5c157aa5f95c05.js?body=1" for 127.0.0.1 at 2016-05-18 09:58:59 +0200


Started GET "/assets/group_members.self-877aef30ae1b040ab8a3aba4e3e309a11d7f2612f44dde450b5c157aa5f95c05.js?body=1" for 127.0.0.1 at 2016-05-18 09:58:59 +0200


Started GET "/assets/order_members.self-877aef30ae1b040ab8a3aba4e3e309a11d7f2612f44dde450b5c157aa5f95c05.js?body=1" for 127.0.0.1 at 2016-05-18 09:58:59 +0200


Started GET "/assets/order_details.self-877aef30ae1b040ab8a3aba4e3e309a11d7f2612f44dde450b5c157aa5f95c05.js?body=1" for 127.0.0.1 at 2016-05-18 09:58:59 +0200


Started GET "/assets/orders.self-877aef30ae1b040ab8a3aba4e3e309a11d7f2612f44dde450b5c157aa5f95c05.js?body=1" for 127.0.0.1 at 2016-05-18 09:58:59 +0200


Started GET "/assets/users.self-877aef30ae1b040ab8a3aba4e3e309a11d7f2612f44dde450b5c157aa5f95c05.js?body=1" for 127.0.0.1 at 2016-05-18 09:58:59 +0200


Started GET "/assets/application.self-c8e78416a1fa2eb888c48b7933e866d8839e764b02429247e6934c72ab665557.js?body=1" for 127.0.0.1 at 2016-05-18 09:58:59 +0200


Started GET "/users" for 127.0.0.1 at 2016-05-18 10:00:25 +0200
Processing by UsersController#index as HTML
  [1m[36mUser Load (0.2ms)[0m  [1mSELECT `users`.* FROM `users`[0m
  Rendered users/index.html.erb within layouts/application (1.6ms)
Completed 200 OK in 114ms (Views: 113.3ms | ActiveRecord: 0.2ms)


Started GET "/assets/twitter-bootstrap-static/bootstrap.self-603f330c29af013305325569c8c75d03d688963abd8cde4fffec17b5ce417bfb.css?body=1" for 127.0.0.1 at 2016-05-18 10:00:25 +0200


Started GET "/assets/twitter-bootstrap-static/fontawesome.self-2fe4f8a61d73606fbcb036b41f380591906a4da65a9eb5ec0a210fe6980b2ca7.css?body=1" for 127.0.0.1 at 2016-05-18 10:00:25 +0200


Started GET "/assets/bootstrap_and_overrides.self-2cb3834583dfbaf0a39c7139750bf963e05d79cbe811126997e013400be5d8dc.css?body=1" for 127.0.0.1 at 2016-05-18 10:00:25 +0200


Started GET "/assets/friends.self-e3b0c44298fc1c149afbf4c8996fb92427ae41e4649b934ca495991b7852b855.css?body=1" for 127.0.0.1 at 2016-05-18 10:00:25 +0200


Started GET "/assets/group_members.self-e3b0c44298fc1c149afbf4c8996fb92427ae41e4649b934ca495991b7852b855.css?body=1" for 127.0.0.1 at 2016-05-18 10:00:25 +0200


Started GET "/assets/groups.self-e3b0c44298fc1c149afbf4c8996fb92427ae41e4649b934ca495991b7852b855.css?body=1" for 127.0.0.1 at 2016-05-18 10:00:25 +0200


Started GET "/assets/notifications.self-e3b0c44298fc1c149afbf4c8996fb92427ae41e4649b934ca495991b7852b855.css?body=1" for 127.0.0.1 at 2016-05-18 10:00:25 +0200


Started GET "/assets/order_details.self-e3b0c44298fc1c149afbf4c8996fb92427ae41e4649b934ca495991b7852b855.css?body=1" for 127.0.0.1 at 2016-05-18 10:00:25 +0200


Started GET "/assets/order_members.self-e3b0c44298fc1c149afbf4c8996fb92427ae41e4649b934ca495991b7852b855.css?body=1" for 127.0.0.1 at 2016-05-18 10:00:25 +0200


Started GET "/assets/scaffolds.self-6be09bc81fac5a93291dc34a370aaf274bcf342466e0363baf5eed9f505a3af3.css?body=1" for 127.0.0.1 at 2016-05-18 10:00:25 +0200


Started GET "/assets/orders.self-e3b0c44298fc1c149afbf4c8996fb92427ae41e4649b934ca495991b7852b855.css?body=1" for 127.0.0.1 at 2016-05-18 10:00:25 +0200


Started GET "/assets/users.self-e3b0c44298fc1c149afbf4c8996fb92427ae41e4649b934ca495991b7852b855.css?body=1" for 127.0.0.1 at 2016-05-18 10:00:25 +0200


Started GET "/assets/application.self-27e911da1d6f5c3c965ae446586a3741e37ac8596c432522595652dd52594803.css?body=1" for 127.0.0.1 at 2016-05-18 10:00:25 +0200


Started GET "/assets/jquery.self-660adc51e0224b731d29f575a6f1ec167ba08ad06ed5deca4f1e8654c135bf4c.js?body=1" for 127.0.0.1 at 2016-05-18 10:00:25 +0200


Started GET "/assets/jquery_ujs.self-e87806d0cf4489aeb1bb7288016024e8de67fd18db693fe026fe3907581e53cd.js?body=1" for 127.0.0.1 at 2016-05-18 10:00:25 +0200


Started GET "/assets/twitter/bootstrap/alert.self-a29e91e8cd3ddaba9bbc466901d53ec2127e9256b9b941905d525a3a716bd1a5.js?body=1" for 127.0.0.1 at 2016-05-18 10:00:25 +0200


Started GET "/assets/twitter/bootstrap/transition.self-09ff30b1e8a93d1f7728b9855f55d9c9d8d5734c8861e0d8139994e50944572a.js?body=1" for 127.0.0.1 at 2016-05-18 10:00:25 +0200


Started GET "/assets/twitter/bootstrap/modal.self-72f95ffa1071297725a9ac91989693d56d1abf23f441a47455073b0da2857a5b.js?body=1" for 127.0.0.1 at 2016-05-18 10:00:25 +0200


Started GET "/assets/twitter/bootstrap/dropdown.self-9314126777c6be5443e37ea7f7967d7914d72b3e60449ba50edc967446373059.js?body=1" for 127.0.0.1 at 2016-05-18 10:00:25 +0200


Started GET "/assets/twitter/bootstrap/scrollspy.self-a155b9d4b2f978905f0326c0f6635e1134fe91c6bfbfcbad079fa24a9fef2b0e.js?body=1" for 127.0.0.1 at 2016-05-18 10:00:25 +0200


Started GET "/assets/twitter/bootstrap/tab.self-122235057fbd4c6c7da377d59dc58f47b44cb1088a2e38e6ee6ce9d8ac29a26a.js?body=1" for 127.0.0.1 at 2016-05-18 10:00:25 +0200


Started GET "/assets/twitter/bootstrap/tooltip.self-11cf547be953f25f511cec668f6690473fd97b2f65502e4032f4030999a3f0c3.js?body=1" for 127.0.0.1 at 2016-05-18 10:00:25 +0200


Started GET "/assets/twitter/bootstrap/popover.self-77d8e3a2499c1104ef146396a68b82469ee2bdb365199b874694698d10405e9a.js?body=1" for 127.0.0.1 at 2016-05-18 10:00:25 +0200


Started GET "/assets/twitter/bootstrap/button.self-a6cb16785434acb365ae426aef9f1fce05ed553cae7a965e4471c3da71509175.js?body=1" for 127.0.0.1 at 2016-05-18 10:00:25 +0200


Started GET "/assets/twitter/bootstrap/collapse.self-7dc8bfbc2fbfabd2bad62c58ff8ffeaf8f20fb87c7ca6cd35f06d4dc19632587.js?body=1" for 127.0.0.1 at 2016-05-18 10:00:25 +0200


Started GET "/assets/twitter/bootstrap/carousel.self-57eb8422043cf0a85b7a9dc6843916eb0a3e35b419c7798a5eb254b918997631.js?body=1" for 127.0.0.1 at 2016-05-18 10:00:25 +0200


Started GET "/assets/twitter/bootstrap/affix.self-d2b642d8fbfc1d7041e2edefd66683ada567a980789dcd6f94fddda0b33408b5.js?body=1" for 127.0.0.1 at 2016-05-18 10:00:25 +0200


Started GET "/assets/twitter/bootstrap.self-fbfa5ad7d9aa0afe439ec4ff3883acc4cb92b62cb67c40d674320c9aa1d4642d.js?body=1" for 127.0.0.1 at 2016-05-18 10:00:25 +0200


Started GET "/assets/turbolinks.self-c37727e9bd6b2735da5c311aa83fead54ed0be6cc8bd9a65309e9c5abe2cbfff.js?body=1" for 127.0.0.1 at 2016-05-18 10:00:25 +0200


Started GET "/assets/bootstrap.self-5afe7e91ef3675e2be97b8d060a7f3755d6dbc615b76df476df55143da70679f.js?body=1" for 127.0.0.1 at 2016-05-18 10:00:26 +0200


Started GET "/assets/friends.self-877aef30ae1b040ab8a3aba4e3e309a11d7f2612f44dde450b5c157aa5f95c05.js?body=1" for 127.0.0.1 at 2016-05-18 10:00:26 +0200


Started GET "/assets/group_members.self-877aef30ae1b040ab8a3aba4e3e309a11d7f2612f44dde450b5c157aa5f95c05.js?body=1" for 127.0.0.1 at 2016-05-18 10:00:26 +0200


Started GET "/assets/groups.self-877aef30ae1b040ab8a3aba4e3e309a11d7f2612f44dde450b5c157aa5f95c05.js?body=1" for 127.0.0.1 at 2016-05-18 10:00:26 +0200


Started GET "/assets/notifications.self-877aef30ae1b040ab8a3aba4e3e309a11d7f2612f44dde450b5c157aa5f95c05.js?body=1" for 127.0.0.1 at 2016-05-18 10:00:26 +0200


Started GET "/assets/order_members.self-877aef30ae1b040ab8a3aba4e3e309a11d7f2612f44dde450b5c157aa5f95c05.js?body=1" for 127.0.0.1 at 2016-05-18 10:00:26 +0200


Started GET "/assets/orders.self-877aef30ae1b040ab8a3aba4e3e309a11d7f2612f44dde450b5c157aa5f95c05.js?body=1" for 127.0.0.1 at 2016-05-18 10:00:26 +0200


Started GET "/assets/order_details.self-877aef30ae1b040ab8a3aba4e3e309a11d7f2612f44dde450b5c157aa5f95c05.js?body=1" for 127.0.0.1 at 2016-05-18 10:00:26 +0200


Started GET "/assets/application.self-c8e78416a1fa2eb888c48b7933e866d8839e764b02429247e6934c72ab665557.js?body=1" for 127.0.0.1 at 2016-05-18 10:00:26 +0200


Started GET "/assets/users.self-877aef30ae1b040ab8a3aba4e3e309a11d7f2612f44dde450b5c157aa5f95c05.js?body=1" for 127.0.0.1 at 2016-05-18 10:00:26 +0200
